2014-12-17 12:03:30,149 [Worker-6] INFO  o.e.m.c.i.l.LifecycleMappingFactory - Using org.eclipse.m2e.jdt.JarLifecycleMapping lifecycle mapping for MavenProject: br.com.padtec:padtec-common:1.0 @ /Users/lucas/Documents/Padtec/Development/workspace/br.com.padtec.common/pom.xml.
2014-12-17 12:03:31,109 [Worker-5] INFO  o.e.m.c.i.l.LifecycleMappingFactory - Using org.eclipse.m2e.jdt.JarLifecycleMapping lifecycle mapping for MavenProject: br.com.padtec:padtec-common:1.0 @ /Users/lucas/Documents/Padtec/Development/workspace/br.com.padtec.common/pom.xml.
2014-12-17 12:03:31,111 [Worker-6] INFO  o.e.m.c.i.l.LifecycleMappingFactory - Using org.eclipse.m2e.jdt.JarLifecycleMapping lifecycle mapping for MavenProject: br.com.padtec.okco:okco-core:1.0 @ /Users/lucas/Documents/Padtec/Development/workspace/br.com.padtec.okco.core/pom.xml.
2014-12-17 12:03:32,414 [Worker-7] INFO  o.e.m.c.i.l.LifecycleMappingFactory - Using org.eclipse.m2e.jdt.JarLifecycleMapping lifecycle mapping for MavenProject: br.com.padtec:padtec-common:1.0 @ /Users/lucas/Documents/Padtec/Development/workspace/br.com.padtec.common/pom.xml.
2014-12-17 12:03:32,443 [Worker-5] WARN  o.e.m.c.i.embedder.EclipseLogger - Using platform encoding (UTF-8 actually) to copy filtered resources, i.e. build is platform dependent!
2014-12-17 12:03:32,452 [Worker-5] INFO  o.e.m.c.i.embedder.EclipseLogger - skip non existing resourceDirectory /Users/lucas/Documents/Padtec/Development/workspace/br.com.padtec.common/src/main/resources
2014-12-17 12:03:32,456 [Worker-5] WARN  o.e.m.c.i.embedder.EclipseLogger - Using platform encoding (UTF-8 actually) to copy filtered resources, i.e. build is platform dependent!
2014-12-17 12:03:32,457 [Worker-5] INFO  o.e.m.c.i.embedder.EclipseLogger - skip non existing resourceDirectory /Users/lucas/Documents/Padtec/Development/workspace/br.com.padtec.common/src/test/resources
2014-12-17 12:03:32,895 [Worker-7] INFO  o.e.m.c.i.l.LifecycleMappingFactory - Using org.eclipse.m2e.jdt.JarLifecycleMapping lifecycle mapping for MavenProject: br.com.padtec.okco:okco-core:1.0 @ /Users/lucas/Documents/Padtec/Development/workspace/br.com.padtec.okco.core/pom.xml.
2014-12-17 12:03:34,960 [Worker-5] INFO  o.e.m.c.i.l.LifecycleMappingFactory - Using org.eclipse.m2e.jdt.JarLifecycleMapping lifecycle mapping for MavenProject: br.com.padtec.okco:okco-core:1.0 @ /Users/lucas/Documents/Padtec/Development/workspace/br.com.padtec.okco.core/pom.xml.
2014-12-17 12:03:34,994 [Worker-7] INFO  o.e.m.c.i.l.LifecycleMappingFactory - Using org.maven.ide.eclipse.wtp.WarLifecycleMapping lifecycle mapping for MavenProject: br.com.padtec.okco:okco-service:1.0 @ /Users/lucas/Documents/Padtec/Development/workspace/br.com.padtec.okco.service/pom.xml.
2014-12-17 12:03:35,360 [Worker-5] WARN  o.e.m.c.i.embedder.EclipseLogger - Using platform encoding (UTF-8 actually) to copy filtered resources, i.e. build is platform dependent!
2014-12-17 12:03:35,360 [Worker-5] INFO  o.e.m.c.i.embedder.EclipseLogger - skip non existing resourceDirectory /Users/lucas/Documents/Padtec/Development/workspace/br.com.padtec.okco.core/src/main/resources
2014-12-17 12:03:35,362 [Worker-5] WARN  o.e.m.c.i.embedder.EclipseLogger - Using platform encoding (UTF-8 actually) to copy filtered resources, i.e. build is platform dependent!
2014-12-17 12:03:35,362 [Worker-5] INFO  o.e.m.c.i.embedder.EclipseLogger - skip non existing resourceDirectory /Users/lucas/Documents/Padtec/Development/workspace/br.com.padtec.okco.core/src/test/resources
2014-12-17 12:03:36,341 [Worker-5] INFO  o.e.m.c.i.l.LifecycleMappingFactory - Using org.eclipse.m2e.jdt.JarLifecycleMapping lifecycle mapping for MavenProject: br.com.padtec:padtec-common:1.0 @ /Users/lucas/Documents/Padtec/Development/workspace/br.com.padtec.common/pom.xml.
2014-12-17 12:03:36,909 [Worker-5] INFO  o.e.m.c.i.l.LifecycleMappingFactory - Using org.eclipse.m2e.jdt.JarLifecycleMapping lifecycle mapping for MavenProject: br.com.padtec.okco:okco-core:1.0 @ /Users/lucas/Documents/Padtec/Development/workspace/br.com.padtec.okco.core/pom.xml.
2014-12-17 12:03:36,968 [Worker-5] INFO  o.e.m.c.i.l.LifecycleMappingFactory - Using org.maven.ide.eclipse.wtp.WarLifecycleMapping lifecycle mapping for MavenProject: br.com.padtec.okco:okco-service:1.0 @ /Users/lucas/Documents/Padtec/Development/workspace/br.com.padtec.okco.service/pom.xml.
2014-12-17 12:03:37,173 [Worker-5] INFO  o.e.m.c.i.l.LifecycleMappingFactory - Using org.maven.ide.eclipse.wtp.WarLifecycleMapping lifecycle mapping for MavenProject: br.com.padtec.okco:okco-web:1.0 @ /Users/lucas/Documents/Padtec/Development/workspace/br.com.padtec.okco.web/pom.xml.
2014-12-17 12:03:37,445 [Worker-5] INFO  o.e.m.c.i.l.LifecycleMappingFactory - Using org.eclipse.m2e.jdt.JarLifecycleMapping lifecycle mapping for MavenProject: br.com.padtec.transformation:padtec-condel2owl:1.0 @ /Users/lucas/Documents/Padtec/Development/workspace/br.com.padtec.transformation.condel/pom.xml.
2014-12-17 12:03:37,578 [Worker-5] INFO  o.e.m.c.i.l.LifecycleMappingFactory - Using org.eclipse.m2e.jdt.JarLifecycleMapping lifecycle mapping for MavenProject: br.com.padtec.transformation:padtec-sindel2owl:1.0 @ /Users/lucas/Documents/Padtec/Development/workspace/br.com.padtec.transformation.sindel/pom.xml.
2014-12-17 12:03:37,692 [Worker-5] INFO  o.e.m.c.i.l.LifecycleMappingFactory - Using org.maven.ide.eclipse.wtp.WarLifecycleMapping lifecycle mapping for MavenProject: br.inf.ufes.padtec:tnokco:0.0.1 @ /Users/lucas/Documents/Padtec/Development/workspace/tnokco/pom.xml.
2014-12-17 12:03:37,787 [Worker-2] WARN  o.e.m.c.i.embedder.EclipseLogger - Using platform encoding (UTF-8 actually) to copy filtered resources, i.e. build is platform dependent!
2014-12-17 12:03:37,790 [Worker-2] INFO  o.e.m.c.i.embedder.EclipseLogger - skip non existing resourceDirectory /Users/lucas/Documents/Padtec/Development/workspace/br.com.padtec.common/src/main/resources
2014-12-17 12:03:37,792 [Worker-2] WARN  o.e.m.c.i.embedder.EclipseLogger - Using platform encoding (UTF-8 actually) to copy filtered resources, i.e. build is platform dependent!
2014-12-17 12:03:37,792 [Worker-2] INFO  o.e.m.c.i.embedder.EclipseLogger - skip non existing resourceDirectory /Users/lucas/Documents/Padtec/Development/workspace/br.com.padtec.common/src/test/resources
2014-12-17 12:03:37,865 [Worker-5] INFO  o.e.m.c.i.l.LifecycleMappingFactory - Using org.eclipse.m2e.jdt.JarLifecycleMapping lifecycle mapping for MavenProject: br.com.padtec:persistence:0.0.1 @ /Users/lucas/Documents/Padtec/Development/workspace/virtuoso/pom.xml.
2014-12-17 12:03:38,430 [Worker-2] WARN  o.e.m.c.i.embedder.EclipseLogger - Using platform encoding (UTF-8 actually) to copy filtered resources, i.e. build is platform dependent!
2014-12-17 12:03:38,431 [Worker-2] INFO  o.e.m.c.i.embedder.EclipseLogger - skip non existing resourceDirectory /Users/lucas/Documents/Padtec/Development/workspace/br.com.padtec.okco.core/src/main/resources
2014-12-17 12:03:38,433 [Worker-2] WARN  o.e.m.c.i.embedder.EclipseLogger - Using platform encoding (UTF-8 actually) to copy filtered resources, i.e. build is platform dependent!
2014-12-17 12:03:38,434 [Worker-2] INFO  o.e.m.c.i.embedder.EclipseLogger - skip non existing resourceDirectory /Users/lucas/Documents/Padtec/Development/workspace/br.com.padtec.okco.core/src/test/resources
2014-12-17 12:03:39,410 [Worker-2] INFO  o.e.m.c.i.l.LifecycleMappingFactory - Using org.maven.ide.eclipse.wtp.WarLifecycleMapping lifecycle mapping for MavenProject: br.com.padtec.okco:okco-service:1.0 @ /Users/lucas/Documents/Padtec/Development/workspace/br.com.padtec.okco.service/pom.xml.
2014-12-17 12:03:39,461 [Worker-5] INFO  o.e.m.c.i.e.AbstractTransferListenerAdapter - Downloading http://repo.maven.apache.org/maven2/org/openrdf/sesame/sesame-runtime/2.7.9/sesame-runtime-2.7.9.pom
2014-12-17 12:03:39,785 [Worker-5] INFO  o.e.m.c.i.e.AbstractTransferListenerAdapter - Downloaded http://repo.maven.apache.org/maven2/org/openrdf/sesame/sesame-runtime/2.7.9/sesame-runtime-2.7.9.pom
2014-12-17 12:03:39,950 [Worker-5] INFO  o.e.m.c.i.e.AbstractTransferListenerAdapter - Downloading http://repo.maven.apache.org/maven2/org/openrdf/sesame/sesame-core/2.7.9/sesame-core-2.7.9.pom
2014-12-17 12:03:40,266 [Worker-5] INFO  o.e.m.c.i.e.AbstractTransferListenerAdapter - Downloaded http://repo.maven.apache.org/maven2/org/openrdf/sesame/sesame-core/2.7.9/sesame-core-2.7.9.pom
2014-12-17 12:03:40,429 [Worker-5] INFO  o.e.m.c.i.e.AbstractTransferListenerAdapter - Downloading http://repo.maven.apache.org/maven2/org/openrdf/sesame/sesame/2.7.9/sesame-2.7.9.pom
2014-12-17 12:03:40,875 [Worker-5] INFO  o.e.m.c.i.e.AbstractTransferListenerAdapter - Downloaded http://repo.maven.apache.org/maven2/org/openrdf/sesame/sesame/2.7.9/sesame-2.7.9.pom
2014-12-17 12:03:41,063 [Worker-5] INFO  o.e.m.c.i.e.AbstractTransferListenerAdapter - Downloading http://repo.maven.apache.org/maven2/org/openrdf/sesame/sesame-model/2.7.9/sesame-model-2.7.9.pom
2014-12-17 12:03:41,376 [Worker-5] INFO  o.e.m.c.i.e.AbstractTransferListenerAdapter - Downloaded http://repo.maven.apache.org/maven2/org/openrdf/sesame/sesame-model/2.7.9/sesame-model-2.7.9.pom
2014-12-17 12:03:41,406 [Worker-2] WARN  o.e.m.c.i.embedder.EclipseLogger - Using platform encoding (UTF-8 actually) to copy filtered resources, i.e. build is platform dependent!
2014-12-17 12:03:41,411 [Worker-2] INFO  o.e.m.c.i.embedder.EclipseLogger - skip non existing resourceDirectory /Users/lucas/Documents/Padtec/Development/workspace/br.com.padtec.okco.service/src/main/resources
2014-12-17 12:03:41,413 [Worker-2] WARN  o.e.m.c.i.embedder.EclipseLogger - Using platform encoding (UTF-8 actually) to copy filtered resources, i.e. build is platform dependent!
2014-12-17 12:03:41,413 [Worker-2] INFO  o.e.m.c.i.embedder.EclipseLogger - skip non existing resourceDirectory /Users/lucas/Documents/Padtec/Development/workspace/br.com.padtec.okco.service/src/test/resources
2014-12-17 12:03:41,604 [Worker-5] INFO  o.e.m.c.i.e.AbstractTransferListenerAdapter - Downloading http://repo.maven.apache.org/maven2/org/openrdf/sesame/sesame-util/2.7.9/sesame-util-2.7.9.pom
2014-12-17 12:03:41,920 [Worker-5] INFO  o.e.m.c.i.e.AbstractTransferListenerAdapter - Downloaded http://repo.maven.apache.org/maven2/org/openrdf/sesame/sesame-util/2.7.9/sesame-util-2.7.9.pom
2014-12-17 12:03:42,086 [Worker-5] INFO  o.e.m.c.i.e.AbstractTransferListenerAdapter - Downloading http://repo.maven.apache.org/maven2/org/openrdf/sesame/sesame-repository-api/2.7.9/sesame-repository-api-2.7.9.pom
2014-12-17 12:03:42,430 [Worker-5] INFO  o.e.m.c.i.e.AbstractTransferListenerAdapter - Downloaded http://repo.maven.apache.org/maven2/org/openrdf/sesame/sesame-repository-api/2.7.9/sesame-repository-api-2.7.9.pom
2014-12-17 12:03:42,590 [Worker-5] INFO  o.e.m.c.i.e.AbstractTransferListenerAdapter - Downloading http://repo.maven.apache.org/maven2/org/openrdf/sesame/sesame-repository/2.7.9/sesame-repository-2.7.9.pom
2014-12-17 12:03:42,889 [Worker-5] INFO  o.e.m.c.i.e.AbstractTransferListenerAdapter - Downloaded http://repo.maven.apache.org/maven2/org/openrdf/sesame/sesame-repository/2.7.9/sesame-repository-2.7.9.pom
2014-12-17 12:03:43,049 [Worker-5] INFO  o.e.m.c.i.e.AbstractTransferListenerAdapter - Downloading http://repo.maven.apache.org/maven2/org/openrdf/sesame/sesame-query/2.7.9/sesame-query-2.7.9.pom
2014-12-17 12:03:43,402 [Worker-5] INFO  o.e.m.c.i.e.AbstractTransferListenerAdapter - Downloaded http://repo.maven.apache.org/maven2/org/openrdf/sesame/sesame-query/2.7.9/sesame-query-2.7.9.pom
2014-12-17 12:03:43,550 [Worker-2] INFO  o.e.m.c.i.l.LifecycleMappingFactory - Using org.maven.ide.eclipse.wtp.WarLifecycleMapping lifecycle mapping for MavenProject: br.com.padtec.okco:okco-web:1.0 @ /Users/lucas/Documents/Padtec/Development/workspace/br.com.padtec.okco.web/pom.xml.
2014-12-17 12:03:43,569 [Worker-5] INFO  o.e.m.c.i.e.AbstractTransferListenerAdapter - Downloading http://repo.maven.apache.org/maven2/org/openrdf/sesame/sesame-rio-api/2.7.9/sesame-rio-api-2.7.9.pom
2014-12-17 12:03:43,868 [Worker-5] INFO  o.e.m.c.i.e.AbstractTransferListenerAdapter - Downloaded http://repo.maven.apache.org/maven2/org/openrdf/sesame/sesame-rio-api/2.7.9/sesame-rio-api-2.7.9.pom
2014-12-17 12:03:44,060 [Worker-5] INFO  o.e.m.c.i.e.AbstractTransferListenerAdapter - Downloading http://repo.maven.apache.org/maven2/org/openrdf/sesame/sesame-rio/2.7.9/sesame-rio-2.7.9.pom
2014-12-17 12:03:44,892 [Worker-5] INFO  o.e.m.c.i.e.AbstractTransferListenerAdapter - Downloaded http://repo.maven.apache.org/maven2/org/openrdf/sesame/sesame-rio/2.7.9/sesame-rio-2.7.9.pom
2014-12-17 12:03:45,053 [Worker-5] INFO  o.e.m.c.i.e.AbstractTransferListenerAdapter - Downloading http://repo.maven.apache.org/maven2/org/openrdf/sesame/sesame-repository-manager/2.7.9/sesame-repository-manager-2.7.9.pom
2014-12-17 12:03:45,124 [Worker-2] WARN  o.e.m.c.i.embedder.EclipseLogger - Using platform encoding (UTF-8 actually) to copy filtered resources, i.e. build is platform dependent!
2014-12-17 12:03:45,124 [Worker-2] INFO  o.e.m.c.i.embedder.EclipseLogger - skip non existing resourceDirectory /Users/lucas/Documents/Padtec/Development/workspace/br.com.padtec.okco.web/src/main/resources
2014-12-17 12:03:45,125 [Worker-2] WARN  o.e.m.c.i.embedder.EclipseLogger - Using platform encoding (UTF-8 actually) to copy filtered resources, i.e. build is platform dependent!
2014-12-17 12:03:45,126 [Worker-2] INFO  o.e.m.c.i.embedder.EclipseLogger - skip non existing resourceDirectory /Users/lucas/Documents/Padtec/Development/workspace/br.com.padtec.okco.web/src/test/resources
2014-12-17 12:03:45,219 [Worker-2] INFO  o.e.m.c.i.l.LifecycleMappingFactory - Using org.eclipse.m2e.jdt.JarLifecycleMapping lifecycle mapping for MavenProject: br.com.padtec.transformation:padtec-condel2owl:1.0 @ /Users/lucas/Documents/Padtec/Development/workspace/br.com.padtec.transformation.condel/pom.xml.
2014-12-17 12:03:45,359 [Worker-5] INFO  o.e.m.c.i.e.AbstractTransferListenerAdapter - Downloaded http://repo.maven.apache.org/maven2/org/openrdf/sesame/sesame-repository-manager/2.7.9/sesame-repository-manager-2.7.9.pom
2014-12-17 12:03:45,510 [Worker-2] WARN  o.e.m.c.i.embedder.EclipseLogger - Using platform encoding (UTF-8 actually) to copy filtered resources, i.e. build is platform dependent!
2014-12-17 12:03:45,511 [Worker-2] INFO  o.e.m.c.i.embedder.EclipseLogger - skip non existing resourceDirectory /Users/lucas/Documents/Padtec/Development/workspace/br.com.padtec.transformation.condel/src/main/resources
2014-12-17 12:03:45,512 [Worker-2] WARN  o.e.m.c.i.embedder.EclipseLogger - Using platform encoding (UTF-8 actually) to copy filtered resources, i.e. build is platform dependent!
2014-12-17 12:03:45,513 [Worker-2] INFO  o.e.m.c.i.embedder.EclipseLogger - skip non existing resourceDirectory /Users/lucas/Documents/Padtec/Development/workspace/br.com.padtec.transformation.condel/src/test/resources
2014-12-17 12:03:45,524 [Worker-5] INFO  o.e.m.c.i.e.AbstractTransferListenerAdapter - Downloading http://repo.maven.apache.org/maven2/org/openrdf/sesame/sesame-repository-event/2.7.9/sesame-repository-event-2.7.9.pom
2014-12-17 12:03:45,640 [Worker-2] INFO  o.e.m.c.i.l.LifecycleMappingFactory - Using org.eclipse.m2e.jdt.JarLifecycleMapping lifecycle mapping for MavenProject: br.com.padtec.transformation:padtec-sindel2owl:1.0 @ /Users/lucas/Documents/Padtec/Development/workspace/br.com.padtec.transformation.sindel/pom.xml.
2014-12-17 12:03:45,883 [Worker-5] INFO  o.e.m.c.i.e.AbstractTransferListenerAdapter - Downloaded http://repo.maven.apache.org/maven2/org/openrdf/sesame/sesame-repository-event/2.7.9/sesame-repository-event-2.7.9.pom
2014-12-17 12:03:45,896 [Worker-2] WARN  o.e.m.c.i.embedder.EclipseLogger - Using platform encoding (UTF-8 actually) to copy filtered resources, i.e. build is platform dependent!
2014-12-17 12:03:45,897 [Worker-2] INFO  o.e.m.c.i.embedder.EclipseLogger - skip non existing resourceDirectory /Users/lucas/Documents/Padtec/Development/workspace/br.com.padtec.transformation.sindel/src/main/resources
2014-12-17 12:03:45,904 [Worker-2] WARN  o.e.m.c.i.embedder.EclipseLogger - Using platform encoding (UTF-8 actually) to copy filtered resources, i.e. build is platform dependent!
2014-12-17 12:03:45,905 [Worker-2] INFO  o.e.m.c.i.embedder.EclipseLogger - skip non existing resourceDirectory /Users/lucas/Documents/Padtec/Development/workspace/br.com.padtec.transformation.sindel/src/test/resources
2014-12-17 12:03:46,045 [Worker-5] INFO  o.e.m.c.i.e.AbstractTransferListenerAdapter - Downloading http://repo.maven.apache.org/maven2/org/openrdf/sesame/sesame-repository-sail/2.7.9/sesame-repository-sail-2.7.9.pom
2014-12-17 12:03:47,099 [Worker-5] INFO  o.e.m.c.i.e.AbstractTransferListenerAdapter - Downloaded http://repo.maven.apache.org/maven2/org/openrdf/sesame/sesame-repository-sail/2.7.9/sesame-repository-sail-2.7.9.pom
2014-12-17 12:03:47,344 [Worker-5] INFO  o.e.m.c.i.e.AbstractTransferListenerAdapter - Downloading http://repo.maven.apache.org/maven2/org/openrdf/sesame/sesame-sail-api/2.7.9/sesame-sail-api-2.7.9.pom
2014-12-17 12:03:47,719 [Worker-5] INFO  o.e.m.c.i.e.AbstractTransferListenerAdapter - Downloaded http://repo.maven.apache.org/maven2/org/openrdf/sesame/sesame-sail-api/2.7.9/sesame-sail-api-2.7.9.pom
2014-12-17 12:03:47,872 [Worker-5] INFO  o.e.m.c.i.e.AbstractTransferListenerAdapter - Downloading http://repo.maven.apache.org/maven2/org/openrdf/sesame/sesame-sail/2.7.9/sesame-sail-2.7.9.pom
2014-12-17 12:03:48,180 [Worker-5] INFO  o.e.m.c.i.e.AbstractTransferListenerAdapter - Downloaded http://repo.maven.apache.org/maven2/org/openrdf/sesame/sesame-sail/2.7.9/sesame-sail-2.7.9.pom
2014-12-17 12:03:48,354 [Worker-5] INFO  o.e.m.c.i.e.AbstractTransferListenerAdapter - Downloading http://repo.maven.apache.org/maven2/org/openrdf/sesame/sesame-queryalgebra-model/2.7.9/sesame-queryalgebra-model-2.7.9.pom
2014-12-17 12:03:48,675 [Worker-5] INFO  o.e.m.c.i.e.AbstractTransferListenerAdapter - Downloaded http://repo.maven.apache.org/maven2/org/openrdf/sesame/sesame-queryalgebra-model/2.7.9/sesame-queryalgebra-model-2.7.9.pom
2014-12-17 12:03:48,828 [Worker-5] INFO  o.e.m.c.i.e.AbstractTransferListenerAdapter - Downloading http://repo.maven.apache.org/maven2/org/openrdf/sesame/sesame-queryalgebra/2.7.9/sesame-queryalgebra-2.7.9.pom
2014-12-17 12:03:49,133 [Worker-5] INFO  o.e.m.c.i.e.AbstractTransferListenerAdapter - Downloaded http://repo.maven.apache.org/maven2/org/openrdf/sesame/sesame-queryalgebra/2.7.9/sesame-queryalgebra-2.7.9.pom
2014-12-17 12:03:49,354 [Worker-5] INFO  o.e.m.c.i.e.AbstractTransferListenerAdapter - Downloading http://repo.maven.apache.org/maven2/org/openrdf/sesame/sesame-queryparser-api/2.7.9/sesame-queryparser-api-2.7.9.pom
2014-12-17 12:03:49,660 [Worker-5] INFO  o.e.m.c.i.e.AbstractTransferListenerAdapter - Downloaded http://repo.maven.apache.org/maven2/org/openrdf/sesame/sesame-queryparser-api/2.7.9/sesame-queryparser-api-2.7.9.pom
2014-12-17 12:03:49,817 [Worker-5] INFO  o.e.m.c.i.e.AbstractTransferListenerAdapter - Downloading http://repo.maven.apache.org/maven2/org/openrdf/sesame/sesame-queryparser/2.7.9/sesame-queryparser-2.7.9.pom
2014-12-17 12:03:50,177 [Worker-5] INFO  o.e.m.c.i.e.AbstractTransferListenerAdapter - Downloaded http://repo.maven.apache.org/maven2/org/openrdf/sesame/sesame-queryparser/2.7.9/sesame-queryparser-2.7.9.pom
2014-12-17 12:03:50,333 [Worker-5] INFO  o.e.m.c.i.e.AbstractTransferListenerAdapter - Downloading http://repo.maven.apache.org/maven2/org/openrdf/sesame/sesame-sail-memory/2.7.9/sesame-sail-memory-2.7.9.pom
2014-12-17 12:03:50,640 [Worker-5] INFO  o.e.m.c.i.e.AbstractTransferListenerAdapter - Downloaded http://repo.maven.apache.org/maven2/org/openrdf/sesame/sesame-sail-memory/2.7.9/sesame-sail-memory-2.7.9.pom
2014-12-17 12:03:50,816 [Worker-5] INFO  o.e.m.c.i.e.AbstractTransferListenerAdapter - Downloading http://repo.maven.apache.org/maven2/org/openrdf/sesame/sesame-sail-inferencer/2.7.9/sesame-sail-inferencer-2.7.9.pom
2014-12-17 12:03:51,128 [Worker-5] INFO  o.e.m.c.i.e.AbstractTransferListenerAdapter - Downloaded http://repo.maven.apache.org/maven2/org/openrdf/sesame/sesame-sail-inferencer/2.7.9/sesame-sail-inferencer-2.7.9.pom
2014-12-17 12:03:51,281 [Worker-5] INFO  o.e.m.c.i.e.AbstractTransferListenerAdapter - Downloading http://repo.maven.apache.org/maven2/org/openrdf/sesame/sesame-queryparser-serql/2.7.9/sesame-queryparser-serql-2.7.9.pom
2014-12-17 12:03:51,650 [Worker-5] INFO  o.e.m.c.i.e.AbstractTransferListenerAdapter - Downloaded http://repo.maven.apache.org/maven2/org/openrdf/sesame/sesame-queryparser-serql/2.7.9/sesame-queryparser-serql-2.7.9.pom
2014-12-17 12:03:52,693 [Worker-5] INFO  o.e.m.c.i.e.AbstractTransferListenerAdapter - Downloading http://repo.maven.apache.org/maven2/org/openrdf/sesame/sesame-queryalgebra-evaluation/2.7.9/sesame-queryalgebra-evaluation-2.7.9.pom
2014-12-17 12:03:53,077 [Worker-5] INFO  o.e.m.c.i.e.AbstractTransferListenerAdapter - Downloaded http://repo.maven.apache.org/maven2/org/openrdf/sesame/sesame-queryalgebra-evaluation/2.7.9/sesame-queryalgebra-evaluation-2.7.9.pom
2014-12-17 12:03:53,231 [Worker-5] INFO  o.e.m.c.i.e.AbstractTransferListenerAdapter - Downloading http://repo.maven.apache.org/maven2/org/openrdf/sesame/sesame-repository-sparql/2.7.9/sesame-repository-sparql-2.7.9.pom
2014-12-17 12:03:54,402 [Worker-5] INFO  o.e.m.c.i.e.AbstractTransferListenerAdapter - Downloaded http://repo.maven.apache.org/maven2/org/openrdf/sesame/sesame-repository-sparql/2.7.9/sesame-repository-sparql-2.7.9.pom
2014-12-17 12:03:54,579 [Worker-5] INFO  o.e.m.c.i.e.AbstractTransferListenerAdapter - Downloading http://repo.maven.apache.org/maven2/org/openrdf/sesame/sesame-http-client/2.7.9/sesame-http-client-2.7.9.pom
2014-12-17 12:03:54,887 [Worker-5] INFO  o.e.m.c.i.e.AbstractTransferListenerAdapter - Downloaded http://repo.maven.apache.org/maven2/org/openrdf/sesame/sesame-http-client/2.7.9/sesame-http-client-2.7.9.pom
2014-12-17 12:03:55,049 [Worker-5] INFO  o.e.m.c.i.e.AbstractTransferListenerAdapter - Downloading http://repo.maven.apache.org/maven2/org/openrdf/sesame/sesame-http/2.7.9/sesame-http-2.7.9.pom
2014-12-17 12:03:55,352 [Worker-5] INFO  o.e.m.c.i.e.AbstractTransferListenerAdapter - Downloaded http://repo.maven.apache.org/maven2/org/openrdf/sesame/sesame-http/2.7.9/sesame-http-2.7.9.pom
2014-12-17 12:03:55,514 [Worker-5] INFO  o.e.m.c.i.e.AbstractTransferListenerAdapter - Downloading http://repo.maven.apache.org/maven2/org/openrdf/sesame/sesame-http-protocol/2.7.9/sesame-http-protocol-2.7.9.pom
2014-12-17 12:03:55,691 [Worker-11] WARN  o.e.m.c.i.embedder.EclipseLogger - Using platform encoding (UTF-8 actually) to copy filtered resources, i.e. build is platform dependent!
2014-12-17 12:03:55,692 [Worker-11] INFO  o.e.m.c.i.embedder.EclipseLogger - skip non existing resourceDirectory /Users/lucas/Documents/Padtec/Development/workspace/br.com.padtec.okco.service/src/main/resources
2014-12-17 12:03:55,693 [Worker-11] WARN  o.e.m.c.i.embedder.EclipseLogger - Using platform encoding (UTF-8 actually) to copy filtered resources, i.e. build is platform dependent!
2014-12-17 12:03:55,694 [Worker-11] INFO  o.e.m.c.i.embedder.EclipseLogger - skip non existing resourceDirectory /Users/lucas/Documents/Padtec/Development/workspace/br.com.padtec.okco.service/src/test/resources
2014-12-17 12:03:55,815 [Worker-5] INFO  o.e.m.c.i.e.AbstractTransferListenerAdapter - Downloaded http://repo.maven.apache.org/maven2/org/openrdf/sesame/sesame-http-protocol/2.7.9/sesame-http-protocol-2.7.9.pom
2014-12-17 12:03:55,997 [Worker-5] INFO  o.e.m.c.i.e.AbstractTransferListenerAdapter - Downloading http://repo.maven.apache.org/maven2/org/openrdf/sesame/sesame-rio-ntriples/2.7.9/sesame-rio-ntriples-2.7.9.pom
2014-12-17 12:03:56,309 [Worker-5] INFO  o.e.m.c.i.e.AbstractTransferListenerAdapter - Downloaded http://repo.maven.apache.org/maven2/org/openrdf/sesame/sesame-rio-ntriples/2.7.9/sesame-rio-ntriples-2.7.9.pom
2014-12-17 12:03:56,470 [Worker-5] INFO  o.e.m.c.i.e.AbstractTransferListenerAdapter - Downloading http://repo.maven.apache.org/maven2/org/openrdf/sesame/sesame-rio-datatypes/2.7.9/sesame-rio-datatypes-2.7.9.pom
2014-12-17 12:03:56,586 [Worker-11] WARN  o.e.m.c.i.embedder.EclipseLogger - Using platform encoding (UTF-8 actually) to copy filtered resources, i.e. build is platform dependent!
2014-12-17 12:03:56,587 [Worker-11] INFO  o.e.m.c.i.embedder.EclipseLogger - skip non existing resourceDirectory /Users/lucas/Documents/Padtec/Development/workspace/br.com.padtec.okco.web/src/main/resources
2014-12-17 12:03:56,588 [Worker-11] WARN  o.e.m.c.i.embedder.EclipseLogger - Using platform encoding (UTF-8 actually) to copy filtered resources, i.e. build is platform dependent!
2014-12-17 12:03:56,591 [Worker-11] INFO  o.e.m.c.i.embedder.EclipseLogger - skip non existing resourceDirectory /Users/lucas/Documents/Padtec/Development/workspace/br.com.padtec.okco.web/src/test/resources
2014-12-17 12:03:56,778 [Worker-5] INFO  o.e.m.c.i.e.AbstractTransferListenerAdapter - Downloaded http://repo.maven.apache.org/maven2/org/openrdf/sesame/sesame-rio-datatypes/2.7.9/sesame-rio-datatypes-2.7.9.pom
2014-12-17 12:03:56,960 [Worker-11] WARN  o.e.m.c.i.embedder.EclipseLogger - Using platform encoding (UTF-8 actually) to copy filtered resources, i.e. build is platform dependent!
2014-12-17 12:03:56,965 [Worker-5] INFO  o.e.m.c.i.e.AbstractTransferListenerAdapter - Downloading http://repo.maven.apache.org/maven2/org/openrdf/sesame/sesame-rio-languages/2.7.9/sesame-rio-languages-2.7.9.pom
2014-12-17 12:03:56,968 [Worker-11] INFO  o.e.m.c.i.embedder.EclipseLogger - skip non existing resourceDirectory /Users/lucas/Documents/Padtec/Development/workspace/br.com.padtec.transformation.condel/src/main/resources
2014-12-17 12:03:56,970 [Worker-11] WARN  o.e.m.c.i.embedder.EclipseLogger - Using platform encoding (UTF-8 actually) to copy filtered resources, i.e. build is platform dependent!
2014-12-17 12:03:56,970 [Worker-11] INFO  o.e.m.c.i.embedder.EclipseLogger - skip non existing resourceDirectory /Users/lucas/Documents/Padtec/Development/workspace/br.com.padtec.transformation.condel/src/test/resources
2014-12-17 12:03:57,677 [Worker-9] WARN  o.e.m.c.i.embedder.EclipseLogger - Using platform encoding (UTF-8 actually) to copy filtered resources, i.e. build is platform dependent!
2014-12-17 12:03:57,678 [Worker-9] INFO  o.e.m.c.i.embedder.EclipseLogger - skip non existing resourceDirectory /Users/lucas/Documents/Padtec/Development/workspace/br.com.padtec.transformation.condel/src/main/resources
2014-12-17 12:03:57,679 [Worker-9] WARN  o.e.m.c.i.embedder.EclipseLogger - Using platform encoding (UTF-8 actually) to copy filtered resources, i.e. build is platform dependent!
2014-12-17 12:03:57,683 [Worker-9] INFO  o.e.m.c.i.embedder.EclipseLogger - skip non existing resourceDirectory /Users/lucas/Documents/Padtec/Development/workspace/br.com.padtec.transformation.condel/src/test/resources
2014-12-17 12:03:57,790 [Worker-5] INFO  o.e.m.c.i.e.AbstractTransferListenerAdapter - Downloaded http://repo.maven.apache.org/maven2/org/openrdf/sesame/sesame-rio-languages/2.7.9/sesame-rio-languages-2.7.9.pom
2014-12-17 12:03:57,975 [Worker-5] INFO  o.e.m.c.i.e.AbstractTransferListenerAdapter - Downloading http://repo.maven.apache.org/maven2/org/openrdf/sesame/sesame-queryresultio-api/2.7.9/sesame-queryresultio-api-2.7.9.pom
2014-12-17 12:03:57,985 [Worker-9] WARN  o.e.m.c.i.embedder.EclipseLogger - Using platform encoding (UTF-8 actually) to copy filtered resources, i.e. build is platform dependent!
2014-12-17 12:03:57,986 [Worker-9] INFO  o.e.m.c.i.embedder.EclipseLogger - skip non existing resourceDirectory /Users/lucas/Documents/Padtec/Development/workspace/br.com.padtec.transformation.sindel/src/main/resources
2014-12-17 12:03:57,987 [Worker-9] WARN  o.e.m.c.i.embedder.EclipseLogger - Using platform encoding (UTF-8 actually) to copy filtered resources, i.e. build is platform dependent!
2014-12-17 12:03:57,988 [Worker-9] INFO  o.e.m.c.i.embedder.EclipseLogger - skip non existing resourceDirectory /Users/lucas/Documents/Padtec/Development/workspace/br.com.padtec.transformation.sindel/src/test/resources
2014-12-17 12:03:58,344 [Worker-5] INFO  o.e.m.c.i.e.AbstractTransferListenerAdapter - Downloaded http://repo.maven.apache.org/maven2/org/openrdf/sesame/sesame-queryresultio-api/2.7.9/sesame-queryresultio-api-2.7.9.pom
2014-12-17 12:03:58,373 [Worker-9] INFO  o.e.m.c.i.l.LifecycleMappingFactory - Using org.maven.ide.eclipse.wtp.WarLifecycleMapping lifecycle mapping for MavenProject: br.inf.ufes.padtec:tnokco:0.0.1 @ /Users/lucas/Documents/Padtec/Development/workspace/tnokco/pom.xml.
2014-12-17 12:03:58,522 [Worker-5] INFO  o.e.m.c.i.e.AbstractTransferListenerAdapter - Downloading http://repo.maven.apache.org/maven2/org/openrdf/sesame/sesame-queryresultio/2.7.9/sesame-queryresultio-2.7.9.pom
2014-12-17 12:03:58,838 [Worker-5] INFO  o.e.m.c.i.e.AbstractTransferListenerAdapter - Downloaded http://repo.maven.apache.org/maven2/org/openrdf/sesame/sesame-queryresultio/2.7.9/sesame-queryresultio-2.7.9.pom
2014-12-17 12:03:59,587 [Worker-5] INFO  o.e.m.c.i.e.AbstractTransferListenerAdapter - Downloading http://repo.maven.apache.org/maven2/org/openrdf/sesame/sesame-queryparser-sparql/2.7.9/sesame-queryparser-sparql-2.7.9.pom
2014-12-17 12:03:59,902 [Worker-5] INFO  o.e.m.c.i.e.AbstractTransferListenerAdapter - Downloaded http://repo.maven.apache.org/maven2/org/openrdf/sesame/sesame-queryparser-sparql/2.7.9/sesame-queryparser-sparql-2.7.9.pom
2014-12-17 12:04:00,063 [Worker-5] INFO  o.e.m.c.i.e.AbstractTransferListenerAdapter - Downloading http://repo.maven.apache.org/maven2/org/openrdf/sesame/sesame-queryresultio-sparqlxml/2.7.9/sesame-queryresultio-sparqlxml-2.7.9.pom
2014-12-17 12:04:00,256 [Worker-9] INFO  o.e.m.c.i.embedder.EclipseLogger - Using 'UTF-8' encoding to copy filtered resources.
2014-12-17 12:04:00,264 [Worker-9] INFO  o.e.m.c.i.embedder.EclipseLogger - Copying 1 resource
2014-12-17 12:04:00,276 [Worker-9] INFO  o.e.m.c.i.embedder.EclipseLogger - Using 'UTF-8' encoding to copy filtered resources.
2014-12-17 12:04:00,277 [Worker-9] INFO  o.e.m.c.i.embedder.EclipseLogger - Copying 3 resources
2014-12-17 12:04:00,368 [Worker-5] INFO  o.e.m.c.i.e.AbstractTransferListenerAdapter - Downloaded http://repo.maven.apache.org/maven2/org/openrdf/sesame/sesame-queryresultio-sparqlxml/2.7.9/sesame-queryresultio-sparqlxml-2.7.9.pom
2014-12-17 12:04:00,402 [Worker-16] WARN  o.e.m.c.i.embedder.EclipseLogger - Using platform encoding (UTF-8 actually) to copy filtered resources, i.e. build is platform dependent!
2014-12-17 12:04:00,403 [Worker-16] INFO  o.e.m.c.i.embedder.EclipseLogger - skip non existing resourceDirectory /Users/lucas/Documents/Padtec/Development/workspace/br.com.padtec.transformation.sindel/src/main/resources
2014-12-17 12:04:00,404 [Worker-16] WARN  o.e.m.c.i.embedder.EclipseLogger - Using platform encoding (UTF-8 actually) to copy filtered resources, i.e. build is platform dependent!
2014-12-17 12:04:00,405 [Worker-16] INFO  o.e.m.c.i.embedder.EclipseLogger - skip non existing resourceDirectory /Users/lucas/Documents/Padtec/Development/workspace/br.com.padtec.transformation.sindel/src/test/resources
2014-12-17 12:04:00,532 [Worker-5] INFO  o.e.m.c.i.e.AbstractTransferListenerAdapter - Downloading http://repo.maven.apache.org/maven2/org/openrdf/sesame/sesame-repository-http/2.7.9/sesame-repository-http-2.7.9.pom
2014-12-17 12:04:00,839 [Worker-5] INFO  o.e.m.c.i.e.AbstractTransferListenerAdapter - Downloaded http://repo.maven.apache.org/maven2/org/openrdf/sesame/sesame-repository-http/2.7.9/sesame-repository-http-2.7.9.pom
2014-12-17 12:04:01,000 [Worker-5] INFO  o.e.m.c.i.e.AbstractTransferListenerAdapter - Downloading http://repo.maven.apache.org/maven2/org/openrdf/sesame/sesame-repository-contextaware/2.7.9/sesame-repository-contextaware-2.7.9.pom
2014-12-17 12:04:01,043 [Worker-2] INFO  o.e.m.c.i.embedder.EclipseLogger - Using 'UTF-8' encoding to copy filtered resources.
2014-12-17 12:04:01,049 [Worker-2] INFO  o.e.m.c.i.embedder.EclipseLogger - Copying 1 resource
2014-12-17 12:04:01,053 [Worker-2] INFO  o.e.m.c.i.embedder.EclipseLogger - Using 'UTF-8' encoding to copy filtered resources.
2014-12-17 12:04:01,053 [Worker-2] INFO  o.e.m.c.i.embedder.EclipseLogger - Copying 3 resources
2014-12-17 12:04:01,138 [Worker-2] INFO  o.e.m.c.i.l.LifecycleMappingFactory - Using org.eclipse.m2e.jdt.JarLifecycleMapping lifecycle mapping for MavenProject: br.com.padtec:persistence:0.0.1 @ /Users/lucas/Documents/Padtec/Development/workspace/virtuoso/pom.xml.
2014-12-17 12:04:01,354 [Worker-5] INFO  o.e.m.c.i.e.AbstractTransferListenerAdapter - Downloaded http://repo.maven.apache.org/maven2/org/openrdf/sesame/sesame-repository-contextaware/2.7.9/sesame-repository-contextaware-2.7.9.pom
2014-12-17 12:04:01,516 [Worker-2] INFO  o.e.m.c.i.e.AbstractTransferListenerAdapter - Downloading http://repo.maven.apache.org/maven2/org/openrdf/sesame/sesame-sail-federation/2.7.9/sesame-sail-federation-2.7.9.pom
2014-12-17 12:04:01,928 [Worker-2] INFO  o.e.m.c.i.e.AbstractTransferListenerAdapter - Downloaded http://repo.maven.apache.org/maven2/org/openrdf/sesame/sesame-sail-federation/2.7.9/sesame-sail-federation-2.7.9.pom
2014-12-17 12:04:02,099 [Worker-5] INFO  o.e.m.c.i.e.AbstractTransferListenerAdapter - Downloading http://repo.maven.apache.org/maven2/org/openrdf/sesame/sesame-rio-turtle/2.7.9/sesame-rio-turtle-2.7.9.pom
2014-12-17 12:04:02,406 [Worker-5] INFO  o.e.m.c.i.e.AbstractTransferListenerAdapter - Downloaded http://repo.maven.apache.org/maven2/org/openrdf/sesame/sesame-rio-turtle/2.7.9/sesame-rio-turtle-2.7.9.pom
2014-12-17 12:04:02,568 [Worker-5] INFO  o.e.m.c.i.e.AbstractTransferListenerAdapter - Downloading http://repo.maven.apache.org/maven2/org/openrdf/sesame/sesame-queryresultio-binary/2.7.9/sesame-queryresultio-binary-2.7.9.pom
2014-12-17 12:04:02,898 [Worker-5] INFO  o.e.m.c.i.e.AbstractTransferListenerAdapter - Downloaded http://repo.maven.apache.org/maven2/org/openrdf/sesame/sesame-queryresultio-binary/2.7.9/sesame-queryresultio-binary-2.7.9.pom
2014-12-17 12:04:03,052 [Worker-5] INFO  o.e.m.c.i.e.AbstractTransferListenerAdapter - Downloading http://repo.maven.apache.org/maven2/org/openrdf/sesame/sesame-queryresultio-sparqljson/2.7.9/sesame-queryresultio-sparqljson-2.7.9.pom
2014-12-17 12:04:03,431 [Worker-5] INFO  o.e.m.c.i.e.AbstractTransferListenerAdapter - Downloaded http://repo.maven.apache.org/maven2/org/openrdf/sesame/sesame-queryresultio-sparqljson/2.7.9/sesame-queryresultio-sparqljson-2.7.9.pom
2014-12-17 12:04:03,681 [Worker-2] INFO  o.e.m.c.i.e.AbstractTransferListenerAdapter - Downloading http://repo.maven.apache.org/maven2/org/openrdf/sesame/sesame-queryresultio-text/2.7.9/sesame-queryresultio-text-2.7.9.pom
2014-12-17 12:04:04,041 [Worker-2] INFO  o.e.m.c.i.e.AbstractTransferListenerAdapter - Downloaded http://repo.maven.apache.org/maven2/org/openrdf/sesame/sesame-queryresultio-text/2.7.9/sesame-queryresultio-text-2.7.9.pom
2014-12-17 12:04:04,195 [Worker-5] INFO  o.e.m.c.i.e.AbstractTransferListenerAdapter - Downloading http://repo.maven.apache.org/maven2/net/sf/opencsv/opencsv/2.0/opencsv-2.0.pom
2014-12-17 12:04:04,496 [Worker-5] INFO  o.e.m.c.i.e.AbstractTransferListenerAdapter - Downloaded http://repo.maven.apache.org/maven2/net/sf/opencsv/opencsv/2.0/opencsv-2.0.pom
2014-12-17 12:04:04,656 [Worker-5] INFO  o.e.m.c.i.e.AbstractTransferListenerAdapter - Downloading http://repo.maven.apache.org/maven2/org/openrdf/sesame/sesame-repository-dataset/2.7.9/sesame-repository-dataset-2.7.9.pom
2014-12-17 12:04:04,963 [Worker-5] INFO  o.e.m.c.i.e.AbstractTransferListenerAdapter - Downloaded http://repo.maven.apache.org/maven2/org/openrdf/sesame/sesame-repository-dataset/2.7.9/sesame-repository-dataset-2.7.9.pom
2014-12-17 12:04:05,115 [Worker-5] INFO  o.e.m.c.i.e.AbstractTransferListenerAdapter - Downloading http://repo.maven.apache.org/maven2/org/openrdf/sesame/sesame-rio-binary/2.7.9/sesame-rio-binary-2.7.9.pom
2014-12-17 12:04:05,512 [Worker-5] INFO  o.e.m.c.i.e.AbstractTransferListenerAdapter - Downloaded http://repo.maven.apache.org/maven2/org/openrdf/sesame/sesame-rio-binary/2.7.9/sesame-rio-binary-2.7.9.pom
2014-12-17 12:04:05,692 [Worker-5] INFO  o.e.m.c.i.e.AbstractTransferListenerAdapter - Downloading http://repo.maven.apache.org/maven2/org/openrdf/sesame/sesame-rio-nquads/2.7.9/sesame-rio-nquads-2.7.9.pom
2014-12-17 12:04:06,052 [Worker-5] INFO  o.e.m.c.i.e.AbstractTransferListenerAdapter - Downloaded http://repo.maven.apache.org/maven2/org/openrdf/sesame/sesame-rio-nquads/2.7.9/sesame-rio-nquads-2.7.9.pom
2014-12-17 12:04:06,213 [Worker-2] INFO  o.e.m.c.i.e.AbstractTransferListenerAdapter - Downloading http://repo.maven.apache.org/maven2/org/openrdf/sesame/sesame-rio-n3/2.7.9/sesame-rio-n3-2.7.9.pom
2014-12-17 12:04:06,549 [Worker-2] INFO  o.e.m.c.i.e.AbstractTransferListenerAdapter - Downloaded http://repo.maven.apache.org/maven2/org/openrdf/sesame/sesame-rio-n3/2.7.9/sesame-rio-n3-2.7.9.pom
2014-12-17 12:04:06,704 [Worker-2] INFO  o.e.m.c.i.e.AbstractTransferListenerAdapter - Downloading http://repo.maven.apache.org/maven2/org/openrdf/sesame/sesame-rio-rdfjson/2.7.9/sesame-rio-rdfjson-2.7.9.pom
2014-12-17 12:04:07,022 [Worker-2] INFO  o.e.m.c.i.e.AbstractTransferListenerAdapter - Downloaded http://repo.maven.apache.org/maven2/org/openrdf/sesame/sesame-rio-rdfjson/2.7.9/sesame-rio-rdfjson-2.7.9.pom
2014-12-17 12:04:07,257 [Worker-2] INFO  o.e.m.c.i.e.AbstractTransferListenerAdapter - Downloading http://repo.maven.apache.org/maven2/org/openrdf/sesame/sesame-rio-rdfxml/2.7.9/sesame-rio-rdfxml-2.7.9.pom
2014-12-17 12:04:07,574 [Worker-2] INFO  o.e.m.c.i.e.AbstractTransferListenerAdapter - Downloaded http://repo.maven.apache.org/maven2/org/openrdf/sesame/sesame-rio-rdfxml/2.7.9/sesame-rio-rdfxml-2.7.9.pom
2014-12-17 12:04:07,735 [Worker-5] INFO  o.e.m.c.i.e.AbstractTransferListenerAdapter - Downloading http://repo.maven.apache.org/maven2/org/openrdf/sesame/sesame-rio-trix/2.7.9/sesame-rio-trix-2.7.9.pom
2014-12-17 12:04:08,048 [Worker-5] INFO  o.e.m.c.i.e.AbstractTransferListenerAdapter - Downloaded http://repo.maven.apache.org/maven2/org/openrdf/sesame/sesame-rio-trix/2.7.9/sesame-rio-trix-2.7.9.pom
2014-12-17 12:04:08,211 [Worker-5] INFO  o.e.m.c.i.e.AbstractTransferListenerAdapter - Downloading http://repo.maven.apache.org/maven2/org/openrdf/sesame/sesame-rio-trig/2.7.9/sesame-rio-trig-2.7.9.pom
2014-12-17 12:04:08,554 [Worker-5] INFO  o.e.m.c.i.e.AbstractTransferListenerAdapter - Downloaded http://repo.maven.apache.org/maven2/org/openrdf/sesame/sesame-rio-trig/2.7.9/sesame-rio-trig-2.7.9.pom
2014-12-17 12:04:08,714 [Worker-2] INFO  o.e.m.c.i.e.AbstractTransferListenerAdapter - Downloading http://repo.maven.apache.org/maven2/org/openrdf/sesame/sesame-sail-nativerdf/2.7.9/sesame-sail-nativerdf-2.7.9.pom
2014-12-17 12:04:09,039 [Worker-2] INFO  o.e.m.c.i.e.AbstractTransferListenerAdapter - Downloaded http://repo.maven.apache.org/maven2/org/openrdf/sesame/sesame-sail-nativerdf/2.7.9/sesame-sail-nativerdf-2.7.9.pom
2014-12-17 12:04:09,213 [Worker-5] INFO  o.e.m.c.i.e.AbstractTransferListenerAdapter - Downloading http://repo.maven.apache.org/maven2/org/openrdf/sesame/sesame-sail-rdbms/2.7.9/sesame-sail-rdbms-2.7.9.pom
2014-12-17 12:04:09,584 [Worker-5] INFO  o.e.m.c.i.e.AbstractTransferListenerAdapter - Downloaded http://repo.maven.apache.org/maven2/org/openrdf/sesame/sesame-sail-rdbms/2.7.9/sesame-sail-rdbms-2.7.9.pom
2014-12-17 12:04:09,740 [Worker-5] INFO  o.e.m.c.i.e.AbstractTransferListenerAdapter - Downloading http://repo.maven.apache.org/maven2/commons-dbcp/commons-dbcp/1.3/commons-dbcp-1.3.pom
2014-12-17 12:04:10,073 [Worker-5] INFO  o.e.m.c.i.e.AbstractTransferListenerAdapter - Downloaded http://repo.maven.apache.org/maven2/commons-dbcp/commons-dbcp/1.3/commons-dbcp-1.3.pom
2014-12-17 12:04:10,235 [Worker-2] INFO  o.e.m.c.i.e.AbstractTransferListenerAdapter - Downloading http://repo.maven.apache.org/maven2/commons-pool/commons-pool/1.5.4/commons-pool-1.5.4.pom
2014-12-17 12:04:10,553 [Worker-2] INFO  o.e.m.c.i.e.AbstractTransferListenerAdapter - Downloaded http://repo.maven.apache.org/maven2/commons-pool/commons-pool/1.5.4/commons-pool-1.5.4.pom
2014-12-17 12:04:10,713 [Worker-2] INFO  o.e.m.c.i.e.AbstractTransferListenerAdapter - Downloading http://repo.maven.apache.org/maven2/ch/qos/logback/logback-classic/1.0.13/logback-classic-1.0.13.pom
2014-12-17 12:04:11,063 [Worker-2] INFO  o.e.m.c.i.e.AbstractTransferListenerAdapter - Downloaded http://repo.maven.apache.org/maven2/ch/qos/logback/logback-classic/1.0.13/logback-classic-1.0.13.pom
2014-12-17 12:04:11,217 [Worker-2] INFO  o.e.m.c.i.e.AbstractTransferListenerAdapter - Downloading http://repo.maven.apache.org/maven2/ch/qos/logback/logback-parent/1.0.13/logback-parent-1.0.13.pom
2014-12-17 12:04:11,568 [Worker-2] INFO  o.e.m.c.i.e.AbstractTransferListenerAdapter - Downloaded http://repo.maven.apache.org/maven2/ch/qos/logback/logback-parent/1.0.13/logback-parent-1.0.13.pom
2014-12-17 12:04:11,735 [Worker-2] INFO  o.e.m.c.i.e.AbstractTransferListenerAdapter - Downloading http://repo.maven.apache.org/maven2/ch/qos/logback/logback-core/1.0.13/logback-core-1.0.13.pom
2014-12-17 12:04:12,051 [Worker-2] INFO  o.e.m.c.i.e.AbstractTransferListenerAdapter - Downloaded http://repo.maven.apache.org/maven2/ch/qos/logback/logback-core/1.0.13/logback-core-1.0.13.pom
2014-12-17 12:04:12,239 [Worker-5] INFO  o.e.m.c.i.e.AbstractTransferListenerAdapter - Downloading http://repo.maven.apache.org/maven2/org/openrdf/sesame/sesame-runtime/2.7.9/sesame-runtime-2.7.9.jar
2014-12-17 12:04:12,569 [Worker-5] INFO  o.e.m.c.i.e.AbstractTransferListenerAdapter - Downloaded http://repo.maven.apache.org/maven2/org/openrdf/sesame/sesame-runtime/2.7.9/sesame-runtime-2.7.9.jar
2014-12-17 12:04:12,734 [Worker-5] INFO  o.e.m.c.i.e.AbstractTransferListenerAdapter - Downloading http://repo.maven.apache.org/maven2/org/openrdf/sesame/sesame-model/2.7.9/sesame-model-2.7.9.jar
2014-12-17 12:04:13,697 [Worker-5] INFO  o.e.m.c.i.e.AbstractTransferListenerAdapter - Downloaded http://repo.maven.apache.org/maven2/org/openrdf/sesame/sesame-model/2.7.9/sesame-model-2.7.9.jar
2014-12-17 12:04:13,852 [Worker-5] INFO  o.e.m.c.i.e.AbstractTransferListenerAdapter - Downloading http://repo.maven.apache.org/maven2/org/openrdf/sesame/sesame-util/2.7.9/sesame-util-2.7.9.jar
2014-12-17 12:04:14,349 [Worker-5] INFO  o.e.m.c.i.e.AbstractTransferListenerAdapter - Downloaded http://repo.maven.apache.org/maven2/org/openrdf/sesame/sesame-util/2.7.9/sesame-util-2.7.9.jar
2014-12-17 12:04:14,507 [Worker-5] INFO  o.e.m.c.i.e.AbstractTransferListenerAdapter - Downloading http://repo.maven.apache.org/maven2/org/openrdf/sesame/sesame-repository-api/2.7.9/sesame-repository-api-2.7.9.jar
2014-12-17 12:04:14,909 [Worker-5] INFO  o.e.m.c.i.e.AbstractTransferListenerAdapter - Downloaded http://repo.maven.apache.org/maven2/org/openrdf/sesame/sesame-repository-api/2.7.9/sesame-repository-api-2.7.9.jar
2014-12-17 12:04:15,072 [Worker-5] INFO  o.e.m.c.i.e.AbstractTransferListenerAdapter - Downloading http://repo.maven.apache.org/maven2/org/openrdf/sesame/sesame-query/2.7.9/sesame-query-2.7.9.jar
2014-12-17 12:04:15,577 [Worker-5] INFO  o.e.m.c.i.e.AbstractTransferListenerAdapter - Downloaded http://repo.maven.apache.org/maven2/org/openrdf/sesame/sesame-query/2.7.9/sesame-query-2.7.9.jar
2014-12-17 12:04:15,734 [Worker-5] INFO  o.e.m.c.i.e.AbstractTransferListenerAdapter - Downloading http://repo.maven.apache.org/maven2/org/openrdf/sesame/sesame-repository-manager/2.7.9/sesame-repository-manager-2.7.9.jar
2014-12-17 12:04:16,169 [Worker-5] INFO  o.e.m.c.i.e.AbstractTransferListenerAdapter - Downloaded http://repo.maven.apache.org/maven2/org/openrdf/sesame/sesame-repository-manager/2.7.9/sesame-repository-manager-2.7.9.jar
2014-12-17 12:04:16,323 [Worker-5] INFO  o.e.m.c.i.e.AbstractTransferListenerAdapter - Downloading http://repo.maven.apache.org/maven2/org/openrdf/sesame/sesame-repository-event/2.7.9/sesame-repository-event-2.7.9.jar
2014-12-17 12:04:16,676 [Worker-5] INFO  o.e.m.c.i.e.AbstractTransferListenerAdapter - Downloaded http://repo.maven.apache.org/maven2/org/openrdf/sesame/sesame-repository-event/2.7.9/sesame-repository-event-2.7.9.jar
2014-12-17 12:04:16,929 [Worker-5] INFO  o.e.m.c.i.e.AbstractTransferListenerAdapter - Downloading http://repo.maven.apache.org/maven2/org/openrdf/sesame/sesame-repository-http/2.7.9/sesame-repository-http-2.7.9.jar
2014-12-17 12:04:17,314 [Worker-5] INFO  o.e.m.c.i.e.AbstractTransferListenerAdapter - Downloaded http://repo.maven.apache.org/maven2/org/openrdf/sesame/sesame-repository-http/2.7.9/sesame-repository-http-2.7.9.jar
2014-12-17 12:04:17,472 [Worker-5] INFO  o.e.m.c.i.e.AbstractTransferListenerAdapter - Downloading http://repo.maven.apache.org/maven2/org/openrdf/sesame/sesame-repository-sparql/2.7.9/sesame-repository-sparql-2.7.9.jar
2014-12-17 12:04:17,856 [Worker-5] INFO  o.e.m.c.i.e.AbstractTransferListenerAdapter - Downloaded http://repo.maven.apache.org/maven2/org/openrdf/sesame/sesame-repository-sparql/2.7.9/sesame-repository-sparql-2.7.9.jar
2014-12-17 12:04:18,020 [Worker-5] INFO  o.e.m.c.i.e.AbstractTransferListenerAdapter - Downloading http://repo.maven.apache.org/maven2/org/openrdf/sesame/sesame-repository-contextaware/2.7.9/sesame-repository-contextaware-2.7.9.jar
2014-12-17 12:04:18,358 [Worker-5] INFO  o.e.m.c.i.e.AbstractTransferListenerAdapter - Downloaded http://repo.maven.apache.org/maven2/org/openrdf/sesame/sesame-repository-contextaware/2.7.9/sesame-repository-contextaware-2.7.9.jar
2014-12-17 12:04:18,516 [Worker-5] INFO  o.e.m.c.i.e.AbstractTransferListenerAdapter - Downloading http://repo.maven.apache.org/maven2/org/openrdf/sesame/sesame-repository-sail/2.7.9/sesame-repository-sail-2.7.9.jar
2014-12-17 12:04:18,850 [Worker-5] INFO  o.e.m.c.i.e.AbstractTransferListenerAdapter - Downloaded http://repo.maven.apache.org/maven2/org/openrdf/sesame/sesame-repository-sail/2.7.9/sesame-repository-sail-2.7.9.jar
2014-12-17 12:04:19,005 [Worker-5] INFO  o.e.m.c.i.e.AbstractTransferListenerAdapter - Downloading http://repo.maven.apache.org/maven2/org/openrdf/sesame/sesame-queryalgebra-model/2.7.9/sesame-queryalgebra-model-2.7.9.jar
2014-12-17 12:04:19,643 [Worker-5] INFO  o.e.m.c.i.e.AbstractTransferListenerAdapter - Downloaded http://repo.maven.apache.org/maven2/org/openrdf/sesame/sesame-queryalgebra-model/2.7.9/sesame-queryalgebra-model-2.7.9.jar
2014-12-17 12:04:19,822 [Worker-5] INFO  o.e.m.c.i.e.AbstractTransferListenerAdapter - Downloading http://repo.maven.apache.org/maven2/org/openrdf/sesame/sesame-sail-api/2.7.9/sesame-sail-api-2.7.9.jar
2014-12-17 12:04:20,186 [Worker-5] INFO  o.e.m.c.i.e.AbstractTransferListenerAdapter - Downloaded http://repo.maven.apache.org/maven2/org/openrdf/sesame/sesame-sail-api/2.7.9/sesame-sail-api-2.7.9.jar
2014-12-17 12:04:20,348 [Worker-5] INFO  o.e.m.c.i.e.AbstractTransferListenerAdapter - Downloading http://repo.maven.apache.org/maven2/org/openrdf/sesame/sesame-sail-federation/2.7.9/sesame-sail-federation-2.7.9.jar
2014-12-17 12:04:20,844 [Worker-5] INFO  o.e.m.c.i.e.AbstractTransferListenerAdapter - Downloaded http://repo.maven.apache.org/maven2/org/openrdf/sesame/sesame-sail-federation/2.7.9/sesame-sail-federation-2.7.9.jar
2014-12-17 12:04:21,028 [Worker-5] INFO  o.e.m.c.i.e.AbstractTransferListenerAdapter - Downloading http://repo.maven.apache.org/maven2/org/openrdf/sesame/sesame-queryalgebra-evaluation/2.7.9/sesame-queryalgebra-evaluation-2.7.9.jar
2014-12-17 12:04:21,708 [Worker-5] INFO  o.e.m.c.i.e.AbstractTransferListenerAdapter - Downloaded http://repo.maven.apache.org/maven2/org/openrdf/sesame/sesame-queryalgebra-evaluation/2.7.9/sesame-queryalgebra-evaluation-2.7.9.jar
2014-12-17 12:04:21,906 [Worker-5] INFO  o.e.m.c.i.e.AbstractTransferListenerAdapter - Downloading http://repo.maven.apache.org/maven2/org/openrdf/sesame/sesame-queryparser-api/2.7.9/sesame-queryparser-api-2.7.9.jar
2014-12-17 12:04:22,289 [Worker-5] INFO  o.e.m.c.i.e.AbstractTransferListenerAdapter - Downloaded http://repo.maven.apache.org/maven2/org/openrdf/sesame/sesame-queryparser-api/2.7.9/sesame-queryparser-api-2.7.9.jar
2014-12-17 12:04:22,453 [Worker-5] INFO  o.e.m.c.i.e.AbstractTransferListenerAdapter - Downloading http://repo.maven.apache.org/maven2/org/openrdf/sesame/sesame-queryparser-serql/2.7.9/sesame-queryparser-serql-2.7.9.jar
2014-12-17 12:04:22,992 [Worker-5] INFO  o.e.m.c.i.e.AbstractTransferListenerAdapter - Downloaded http://repo.maven.apache.org/maven2/org/openrdf/sesame/sesame-queryparser-serql/2.7.9/sesame-queryparser-serql-2.7.9.jar
2014-12-17 12:04:23,169 [Worker-5] INFO  o.e.m.c.i.e.AbstractTransferListenerAdapter - Downloading http://repo.maven.apache.org/maven2/org/openrdf/sesame/sesame-queryparser-sparql/2.7.9/sesame-queryparser-sparql-2.7.9.jar
2014-12-17 12:04:23,763 [Worker-5] INFO  o.e.m.c.i.e.AbstractTransferListenerAdapter - Downloaded http://repo.maven.apache.org/maven2/org/openrdf/sesame/sesame-queryparser-sparql/2.7.9/sesame-queryparser-sparql-2.7.9.jar
2014-12-17 12:04:23,918 [Worker-5] INFO  o.e.m.c.i.e.AbstractTransferListenerAdapter - Downloading http://repo.maven.apache.org/maven2/org/openrdf/sesame/sesame-queryresultio-api/2.7.9/sesame-queryresultio-api-2.7.9.jar
2014-12-17 12:04:24,278 [Worker-5] INFO  o.e.m.c.i.e.AbstractTransferListenerAdapter - Downloaded http://repo.maven.apache.org/maven2/org/openrdf/sesame/sesame-queryresultio-api/2.7.9/sesame-queryresultio-api-2.7.9.jar
2014-12-17 12:04:24,432 [Worker-5] INFO  o.e.m.c.i.e.AbstractTransferListenerAdapter - Downloading http://repo.maven.apache.org/maven2/org/openrdf/sesame/sesame-queryresultio-binary/2.7.9/sesame-queryresultio-binary-2.7.9.jar
2014-12-17 12:04:24,773 [Worker-5] INFO  o.e.m.c.i.e.AbstractTransferListenerAdapter - Downloaded http://repo.maven.apache.org/maven2/org/openrdf/sesame/sesame-queryresultio-binary/2.7.9/sesame-queryresultio-binary-2.7.9.jar
2014-12-17 12:04:24,927 [Worker-5] INFO  o.e.m.c.i.e.AbstractTransferListenerAdapter - Downloading http://repo.maven.apache.org/maven2/org/openrdf/sesame/sesame-queryresultio-sparqljson/2.7.9/sesame-queryresultio-sparqljson-2.7.9.jar
2014-12-17 12:04:25,320 [Worker-5] INFO  o.e.m.c.i.e.AbstractTransferListenerAdapter - Downloaded http://repo.maven.apache.org/maven2/org/openrdf/sesame/sesame-queryresultio-sparqljson/2.7.9/sesame-queryresultio-sparqljson-2.7.9.jar
2014-12-17 12:04:25,470 [Worker-5] INFO  o.e.m.c.i.e.AbstractTransferListenerAdapter - Downloading http://repo.maven.apache.org/maven2/org/openrdf/sesame/sesame-queryresultio-sparqlxml/2.7.9/sesame-queryresultio-sparqlxml-2.7.9.jar
2014-12-17 12:04:25,822 [Worker-5] INFO  o.e.m.c.i.e.AbstractTransferListenerAdapter - Downloaded http://repo.maven.apache.org/maven2/org/openrdf/sesame/sesame-queryresultio-sparqlxml/2.7.9/sesame-queryresultio-sparqlxml-2.7.9.jar
2014-12-17 12:04:26,034 [Worker-5] INFO  o.e.m.c.i.e.AbstractTransferListenerAdapter - Downloading http://repo.maven.apache.org/maven2/org/openrdf/sesame/sesame-queryresultio-text/2.7.9/sesame-queryresultio-text-2.7.9.jar
2014-12-17 12:04:26,371 [Worker-5] INFO  o.e.m.c.i.e.AbstractTransferListenerAdapter - Downloaded http://repo.maven.apache.org/maven2/org/openrdf/sesame/sesame-queryresultio-text/2.7.9/sesame-queryresultio-text-2.7.9.jar
2014-12-17 12:04:26,518 [Worker-5] INFO  o.e.m.c.i.e.AbstractTransferListenerAdapter - Downloading http://repo.maven.apache.org/maven2/net/sf/opencsv/opencsv/2.0/opencsv-2.0.jar
2014-12-17 12:04:26,841 [Worker-5] INFO  o.e.m.c.i.e.AbstractTransferListenerAdapter - Downloaded http://repo.maven.apache.org/maven2/net/sf/opencsv/opencsv/2.0/opencsv-2.0.jar
2014-12-17 12:04:27,021 [Worker-5] INFO  o.e.m.c.i.e.AbstractTransferListenerAdapter - Downloading http://repo.maven.apache.org/maven2/org/openrdf/sesame/sesame-repository-dataset/2.7.9/sesame-repository-dataset-2.7.9.jar
2014-12-17 12:04:27,398 [Worker-5] INFO  o.e.m.c.i.e.AbstractTransferListenerAdapter - Downloaded http://repo.maven.apache.org/maven2/org/openrdf/sesame/sesame-repository-dataset/2.7.9/sesame-repository-dataset-2.7.9.jar
2014-12-17 12:04:27,555 [Worker-5] INFO  o.e.m.c.i.e.AbstractTransferListenerAdapter - Downloading http://repo.maven.apache.org/maven2/org/openrdf/sesame/sesame-http-protocol/2.7.9/sesame-http-protocol-2.7.9.jar
2014-12-17 12:04:27,939 [Worker-5] INFO  o.e.m.c.i.e.AbstractTransferListenerAdapter - Downloaded http://repo.maven.apache.org/maven2/org/openrdf/sesame/sesame-http-protocol/2.7.9/sesame-http-protocol-2.7.9.jar
2014-12-17 12:04:28,104 [Worker-5] INFO  o.e.m.c.i.e.AbstractTransferListenerAdapter - Downloading http://repo.maven.apache.org/maven2/org/openrdf/sesame/sesame-http-client/2.7.9/sesame-http-client-2.7.9.jar
2014-12-17 12:04:28,515 [Worker-5] INFO  o.e.m.c.i.e.AbstractTransferListenerAdapter - Downloaded http://repo.maven.apache.org/maven2/org/openrdf/sesame/sesame-http-client/2.7.9/sesame-http-client-2.7.9.jar
2014-12-17 12:04:29,021 [Worker-5] INFO  o.e.m.c.i.e.AbstractTransferListenerAdapter - Downloading http://repo.maven.apache.org/maven2/org/openrdf/sesame/sesame-rio-api/2.7.9/sesame-rio-api-2.7.9.jar
2014-12-17 12:04:29,429 [Worker-5] INFO  o.e.m.c.i.e.AbstractTransferListenerAdapter - Downloaded http://repo.maven.apache.org/maven2/org/openrdf/sesame/sesame-rio-api/2.7.9/sesame-rio-api-2.7.9.jar
2014-12-17 12:04:29,583 [Worker-5] INFO  o.e.m.c.i.e.AbstractTransferListenerAdapter - Downloading http://repo.maven.apache.org/maven2/org/openrdf/sesame/sesame-rio-datatypes/2.7.9/sesame-rio-datatypes-2.7.9.jar
2014-12-17 12:04:29,912 [Worker-5] INFO  o.e.m.c.i.e.AbstractTransferListenerAdapter - Downloaded http://repo.maven.apache.org/maven2/org/openrdf/sesame/sesame-rio-datatypes/2.7.9/sesame-rio-datatypes-2.7.9.jar
2014-12-17 12:04:30,079 [Worker-5] INFO  o.e.m.c.i.e.AbstractTransferListenerAdapter - Downloading http://repo.maven.apache.org/maven2/org/openrdf/sesame/sesame-rio-languages/2.7.9/sesame-rio-languages-2.7.9.jar
2014-12-17 12:04:30,426 [Worker-5] INFO  o.e.m.c.i.e.AbstractTransferListenerAdapter - Downloaded http://repo.maven.apache.org/maven2/org/openrdf/sesame/sesame-rio-languages/2.7.9/sesame-rio-languages-2.7.9.jar
2014-12-17 12:04:30,622 [Worker-5] INFO  o.e.m.c.i.e.AbstractTransferListenerAdapter - Downloading http://repo.maven.apache.org/maven2/org/openrdf/sesame/sesame-rio-binary/2.7.9/sesame-rio-binary-2.7.9.jar
2014-12-17 12:04:30,974 [Worker-5] INFO  o.e.m.c.i.e.AbstractTransferListenerAdapter - Downloaded http://repo.maven.apache.org/maven2/org/openrdf/sesame/sesame-rio-binary/2.7.9/sesame-rio-binary-2.7.9.jar
2014-12-17 12:04:31,121 [Worker-5] INFO  o.e.m.c.i.e.AbstractTransferListenerAdapter - Downloading http://repo.maven.apache.org/maven2/org/openrdf/sesame/sesame-rio-ntriples/2.7.9/sesame-rio-ntriples-2.7.9.jar
2014-12-17 12:04:31,445 [Worker-5] INFO  o.e.m.c.i.e.AbstractTransferListenerAdapter - Downloaded http://repo.maven.apache.org/maven2/org/openrdf/sesame/sesame-rio-ntriples/2.7.9/sesame-rio-ntriples-2.7.9.jar
2014-12-17 12:04:31,599 [Worker-5] INFO  o.e.m.c.i.e.AbstractTransferListenerAdapter - Downloading http://repo.maven.apache.org/maven2/org/openrdf/sesame/sesame-rio-nquads/2.7.9/sesame-rio-nquads-2.7.9.jar
2014-12-17 12:04:31,954 [Worker-5] INFO  o.e.m.c.i.e.AbstractTransferListenerAdapter - Downloaded http://repo.maven.apache.org/maven2/org/openrdf/sesame/sesame-rio-nquads/2.7.9/sesame-rio-nquads-2.7.9.jar
2014-12-17 12:04:32,124 [Worker-5] INFO  o.e.m.c.i.e.AbstractTransferListenerAdapter - Downloading http://repo.maven.apache.org/maven2/org/openrdf/sesame/sesame-rio-n3/2.7.9/sesame-rio-n3-2.7.9.jar
2014-12-17 12:04:32,498 [Worker-5] INFO  o.e.m.c.i.e.AbstractTransferListenerAdapter - Downloaded http://repo.maven.apache.org/maven2/org/openrdf/sesame/sesame-rio-n3/2.7.9/sesame-rio-n3-2.7.9.jar
2014-12-17 12:04:32,652 [Worker-5] INFO  o.e.m.c.i.e.AbstractTransferListenerAdapter - Downloading http://repo.maven.apache.org/maven2/org/openrdf/sesame/sesame-rio-rdfjson/2.7.9/sesame-rio-rdfjson-2.7.9.jar
2014-12-17 12:04:32,966 [Worker-5] INFO  o.e.m.c.i.e.AbstractTransferListenerAdapter - Downloaded http://repo.maven.apache.org/maven2/org/openrdf/sesame/sesame-rio-rdfjson/2.7.9/sesame-rio-rdfjson-2.7.9.jar
2014-12-17 12:04:33,121 [Worker-5] INFO  o.e.m.c.i.e.AbstractTransferListenerAdapter - Downloading http://repo.maven.apache.org/maven2/org/openrdf/sesame/sesame-rio-rdfxml/2.7.9/sesame-rio-rdfxml-2.7.9.jar
2014-12-17 12:04:33,480 [Worker-5] INFO  o.e.m.c.i.e.AbstractTransferListenerAdapter - Downloaded http://repo.maven.apache.org/maven2/org/openrdf/sesame/sesame-rio-rdfxml/2.7.9/sesame-rio-rdfxml-2.7.9.jar
2014-12-17 12:04:33,693 [Worker-5] INFO  o.e.m.c.i.e.AbstractTransferListenerAdapter - Downloading http://repo.maven.apache.org/maven2/org/openrdf/sesame/sesame-rio-trix/2.7.9/sesame-rio-trix-2.7.9.jar
2014-12-17 12:04:34,071 [Worker-5] INFO  o.e.m.c.i.e.AbstractTransferListenerAdapter - Downloaded http://repo.maven.apache.org/maven2/org/openrdf/sesame/sesame-rio-trix/2.7.9/sesame-rio-trix-2.7.9.jar
2014-12-17 12:04:34,225 [Worker-5] INFO  o.e.m.c.i.e.AbstractTransferListenerAdapter - Downloading http://repo.maven.apache.org/maven2/org/openrdf/sesame/sesame-rio-turtle/2.7.9/sesame-rio-turtle-2.7.9.jar
2014-12-17 12:04:34,659 [Worker-5] INFO  o.e.m.c.i.e.AbstractTransferListenerAdapter - Downloaded http://repo.maven.apache.org/maven2/org/openrdf/sesame/sesame-rio-turtle/2.7.9/sesame-rio-turtle-2.7.9.jar
2014-12-17 12:04:34,825 [Worker-5] INFO  o.e.m.c.i.e.AbstractTransferListenerAdapter - Downloading http://repo.maven.apache.org/maven2/org/openrdf/sesame/sesame-rio-trig/2.7.9/sesame-rio-trig-2.7.9.jar
2014-12-17 12:04:35,233 [Worker-5] INFO  o.e.m.c.i.e.AbstractTransferListenerAdapter - Downloaded http://repo.maven.apache.org/maven2/org/openrdf/sesame/sesame-rio-trig/2.7.9/sesame-rio-trig-2.7.9.jar
2014-12-17 12:04:35,462 [Worker-5] INFO  o.e.m.c.i.e.AbstractTransferListenerAdapter - Downloading http://repo.maven.apache.org/maven2/org/openrdf/sesame/sesame-sail-inferencer/2.7.9/sesame-sail-inferencer-2.7.9.jar
2014-12-17 12:04:36,005 [Worker-5] INFO  o.e.m.c.i.e.AbstractTransferListenerAdapter - Downloaded http://repo.maven.apache.org/maven2/org/openrdf/sesame/sesame-sail-inferencer/2.7.9/sesame-sail-inferencer-2.7.9.jar
2014-12-17 12:04:36,155 [Worker-5] INFO  o.e.m.c.i.e.AbstractTransferListenerAdapter - Downloading http://repo.maven.apache.org/maven2/org/openrdf/sesame/sesame-sail-memory/2.7.9/sesame-sail-memory-2.7.9.jar
2014-12-17 12:04:36,731 [Worker-5] INFO  o.e.m.c.i.e.AbstractTransferListenerAdapter - Downloaded http://repo.maven.apache.org/maven2/org/openrdf/sesame/sesame-sail-memory/2.7.9/sesame-sail-memory-2.7.9.jar
2014-12-17 12:04:36,891 [Worker-5] INFO  o.e.m.c.i.e.AbstractTransferListenerAdapter - Downloading http://repo.maven.apache.org/maven2/org/openrdf/sesame/sesame-sail-nativerdf/2.7.9/sesame-sail-nativerdf-2.7.9.jar
2014-12-17 12:04:37,654 [Worker-5] INFO  o.e.m.c.i.e.AbstractTransferListenerAdapter - Downloaded http://repo.maven.apache.org/maven2/org/openrdf/sesame/sesame-sail-nativerdf/2.7.9/sesame-sail-nativerdf-2.7.9.jar
2014-12-17 12:04:37,859 [Worker-5] INFO  o.e.m.c.i.e.AbstractTransferListenerAdapter - Downloading http://repo.maven.apache.org/maven2/org/openrdf/sesame/sesame-sail-rdbms/2.7.9/sesame-sail-rdbms-2.7.9.jar
2014-12-17 12:04:38,699 [Worker-5] INFO  o.e.m.c.i.e.AbstractTransferListenerAdapter - Downloaded http://repo.maven.apache.org/maven2/org/openrdf/sesame/sesame-sail-rdbms/2.7.9/sesame-sail-rdbms-2.7.9.jar
2014-12-17 12:04:38,848 [Worker-5] INFO  o.e.m.c.i.e.AbstractTransferListenerAdapter - Downloading http://repo.maven.apache.org/maven2/commons-dbcp/commons-dbcp/1.3/commons-dbcp-1.3.jar
2014-12-17 12:04:39,343 [Worker-5] INFO  o.e.m.c.i.e.AbstractTransferListenerAdapter - Downloaded http://repo.maven.apache.org/maven2/commons-dbcp/commons-dbcp/1.3/commons-dbcp-1.3.jar
2014-12-17 12:04:39,513 [Worker-5] INFO  o.e.m.c.i.e.AbstractTransferListenerAdapter - Downloading http://repo.maven.apache.org/maven2/commons-pool/commons-pool/1.5.4/commons-pool-1.5.4.jar
2014-12-17 12:04:39,872 [Worker-5] INFO  o.e.m.c.i.e.AbstractTransferListenerAdapter - Downloaded http://repo.maven.apache.org/maven2/commons-pool/commons-pool/1.5.4/commons-pool-1.5.4.jar
2014-12-17 12:04:40,021 [Worker-5] INFO  o.e.m.c.i.e.AbstractTransferListenerAdapter - Downloading http://repo.maven.apache.org/maven2/ch/qos/logback/logback-classic/1.0.13/logback-classic-1.0.13.jar
2014-12-17 12:04:40,701 [Worker-5] INFO  o.e.m.c.i.e.AbstractTransferListenerAdapter - Downloaded http://repo.maven.apache.org/maven2/ch/qos/logback/logback-classic/1.0.13/logback-classic-1.0.13.jar
2014-12-17 12:04:40,848 [Worker-5] INFO  o.e.m.c.i.e.AbstractTransferListenerAdapter - Downloading http://repo.maven.apache.org/maven2/ch/qos/logback/logback-core/1.0.13/logback-core-1.0.13.jar
2014-12-17 12:04:41,535 [Worker-5] INFO  o.e.m.c.i.e.AbstractTransferListenerAdapter - Downloaded http://repo.maven.apache.org/maven2/ch/qos/logback/logback-core/1.0.13/logback-core-1.0.13.jar
2014-12-17 12:04:42,640 [Worker-2] WARN  o.e.m.c.i.embedder.EclipseLogger - Using platform encoding (UTF-8 actually) to copy filtered resources, i.e. build is platform dependent!
2014-12-17 12:04:42,644 [Worker-2] INFO  o.e.m.c.i.embedder.EclipseLogger - Copying 1 resource
2014-12-17 12:04:42,646 [Worker-2] WARN  o.e.m.c.i.embedder.EclipseLogger - Using platform encoding (UTF-8 actually) to copy filtered resources, i.e. build is platform dependent!
2014-12-17 12:04:42,648 [Worker-2] INFO  o.e.m.c.i.embedder.EclipseLogger - skip non existing resourceDirectory /Users/lucas/Documents/Padtec/Development/workspace/virtuoso/src/test/resources
2014-12-17 12:04:43,700 [Worker-3] INFO  o.e.m.c.i.l.LifecycleMappingFactory - Using org.eclipse.m2e.jdt.JarLifecycleMapping lifecycle mapping for MavenProject: br.com.padtec:padtec-common:1.0 @ /Users/lucas/Documents/Padtec/Development/workspace/br.com.padtec.common/pom.xml.
2014-12-17 12:04:43,854 [Worker-3] INFO  o.e.m.c.i.l.LifecycleMappingFactory - Using org.eclipse.m2e.jdt.JarLifecycleMapping lifecycle mapping for MavenProject: br.com.padtec.okco:okco-core:1.0 @ /Users/lucas/Documents/Padtec/Development/workspace/br.com.padtec.okco.core/pom.xml.
2014-12-17 12:04:43,893 [Worker-3] INFO  o.e.m.c.i.l.LifecycleMappingFactory - Using org.maven.ide.eclipse.wtp.WarLifecycleMapping lifecycle mapping for MavenProject: br.com.padtec.okco:okco-service:1.0 @ /Users/lucas/Documents/Padtec/Development/workspace/br.com.padtec.okco.service/pom.xml.
2014-12-17 12:04:43,975 [Worker-3] INFO  o.e.m.c.i.l.LifecycleMappingFactory - Using org.maven.ide.eclipse.wtp.WarLifecycleMapping lifecycle mapping for MavenProject: br.com.padtec.okco:okco-web:1.0 @ /Users/lucas/Documents/Padtec/Development/workspace/br.com.padtec.okco.web/pom.xml.
2014-12-17 12:04:44,153 [Worker-3] INFO  o.e.m.c.i.l.LifecycleMappingFactory - Using org.eclipse.m2e.jdt.JarLifecycleMapping lifecycle mapping for MavenProject: br.com.padtec.transformation:padtec-condel2owl:1.0 @ /Users/lucas/Documents/Padtec/Development/workspace/br.com.padtec.transformation.condel/pom.xml.
2014-12-17 12:04:44,278 [Worker-3] INFO  o.e.m.c.i.l.LifecycleMappingFactory - Using org.eclipse.m2e.jdt.JarLifecycleMapping lifecycle mapping for MavenProject: br.com.padtec.transformation:padtec-sindel2owl:1.0 @ /Users/lucas/Documents/Padtec/Development/workspace/br.com.padtec.transformation.sindel/pom.xml.
2014-12-17 12:04:44,315 [Worker-3] INFO  o.e.m.c.i.l.LifecycleMappingFactory - Using org.maven.ide.eclipse.wtp.WarLifecycleMapping lifecycle mapping for MavenProject: br.inf.ufes.padtec:tnokco:0.0.1 @ /Users/lucas/Documents/Padtec/Development/workspace/tnokco/pom.xml.
2014-12-17 12:04:44,402 [Worker-3] INFO  o.e.m.c.i.l.LifecycleMappingFactory - Using org.eclipse.m2e.jdt.JarLifecycleMapping lifecycle mapping for MavenProject: br.com.padtec:persistence:0.0.1 @ /Users/lucas/Documents/Padtec/Development/workspace/virtuoso/pom.xml.
2014-12-17 12:04:44,819 [Worker-3] INFO  o.e.m.c.i.l.LifecycleMappingFactory - Using org.eclipse.m2e.jdt.JarLifecycleMapping lifecycle mapping for MavenProject: br.com.padtec:padtec-common:1.0 @ /Users/lucas/Documents/Padtec/Development/workspace/br.com.padtec.common/pom.xml.
2014-12-17 12:04:45,623 [Worker-3] INFO  o.e.m.c.i.l.LifecycleMappingFactory - Using org.eclipse.m2e.jdt.JarLifecycleMapping lifecycle mapping for MavenProject: br.com.padtec.okco:okco-core:1.0 @ /Users/lucas/Documents/Padtec/Development/workspace/br.com.padtec.okco.core/pom.xml.
2014-12-17 12:04:45,668 [Worker-3] INFO  o.e.m.c.i.l.LifecycleMappingFactory - Using org.eclipse.m2e.jdt.JarLifecycleMapping lifecycle mapping for MavenProject: br.com.padtec.transformation:padtec-condel2owl:1.0 @ /Users/lucas/Documents/Padtec/Development/workspace/br.com.padtec.transformation.condel/pom.xml.
2014-12-17 12:04:45,714 [Worker-3] INFO  o.e.m.c.i.l.LifecycleMappingFactory - Using org.maven.ide.eclipse.wtp.WarLifecycleMapping lifecycle mapping for MavenProject: br.com.padtec.okco:okco-service:1.0 @ /Users/lucas/Documents/Padtec/Development/workspace/br.com.padtec.okco.service/pom.xml.
2014-12-17 12:04:45,792 [Worker-3] INFO  o.e.m.c.i.l.LifecycleMappingFactory - Using org.maven.ide.eclipse.wtp.WarLifecycleMapping lifecycle mapping for MavenProject: br.com.padtec.okco:okco-web:1.0 @ /Users/lucas/Documents/Padtec/Development/workspace/br.com.padtec.okco.web/pom.xml.
2014-12-17 12:04:45,897 [Worker-3] INFO  o.e.m.c.i.l.LifecycleMappingFactory - Using org.eclipse.m2e.jdt.JarLifecycleMapping lifecycle mapping for MavenProject: br.com.padtec:persistence:0.0.1 @ /Users/lucas/Documents/Padtec/Development/workspace/virtuoso/pom.xml.
2014-12-17 12:04:46,076 [Worker-3] INFO  o.e.m.c.i.l.LifecycleMappingFactory - Using org.maven.ide.eclipse.wtp.WarLifecycleMapping lifecycle mapping for MavenProject: br.inf.ufes.padtec:tnokco:0.0.1 @ /Users/lucas/Documents/Padtec/Development/workspace/tnokco/pom.xml.
2014-12-17 12:04:46,332 [Worker-3] INFO  o.e.m.c.i.l.LifecycleMappingFactory - Using org.eclipse.m2e.jdt.JarLifecycleMapping lifecycle mapping for MavenProject: br.com.padtec.transformation:padtec-sindel2owl:1.0 @ /Users/lucas/Documents/Padtec/Development/workspace/br.com.padtec.transformation.sindel/pom.xml.
2014-12-17 12:04:51,826 [Worker-6] WARN  o.e.m.c.i.embedder.EclipseLogger - Using platform encoding (UTF-8 actually) to copy filtered resources, i.e. build is platform dependent!
2014-12-17 12:04:51,828 [Worker-6] INFO  o.e.m.c.i.embedder.EclipseLogger - skip non existing resourceDirectory /Users/lucas/Documents/Padtec/Development/workspace/br.com.padtec.common/src/main/resources
2014-12-17 12:04:51,831 [Worker-6] WARN  o.e.m.c.i.embedder.EclipseLogger - Using platform encoding (UTF-8 actually) to copy filtered resources, i.e. build is platform dependent!
2014-12-17 12:04:51,832 [Worker-6] INFO  o.e.m.c.i.embedder.EclipseLogger - skip non existing resourceDirectory /Users/lucas/Documents/Padtec/Development/workspace/br.com.padtec.common/src/test/resources
2014-12-17 12:04:51,991 [Worker-6] WARN  o.e.m.c.i.embedder.EclipseLogger - Using platform encoding (UTF-8 actually) to copy filtered resources, i.e. build is platform dependent!
2014-12-17 12:04:51,992 [Worker-6] INFO  o.e.m.c.i.embedder.EclipseLogger - skip non existing resourceDirectory /Users/lucas/Documents/Padtec/Development/workspace/br.com.padtec.okco.core/src/main/resources
2014-12-17 12:04:51,993 [Worker-6] WARN  o.e.m.c.i.embedder.EclipseLogger - Using platform encoding (UTF-8 actually) to copy filtered resources, i.e. build is platform dependent!
2014-12-17 12:04:51,994 [Worker-6] INFO  o.e.m.c.i.embedder.EclipseLogger - skip non existing resourceDirectory /Users/lucas/Documents/Padtec/Development/workspace/br.com.padtec.okco.core/src/test/resources
2014-12-17 12:04:52,186 [Worker-6] WARN  o.e.m.c.i.embedder.EclipseLogger - Using platform encoding (UTF-8 actually) to copy filtered resources, i.e. build is platform dependent!
2014-12-17 12:04:52,195 [Worker-6] INFO  o.e.m.c.i.embedder.EclipseLogger - skip non existing resourceDirectory /Users/lucas/Documents/Padtec/Development/workspace/br.com.padtec.okco.service/src/main/resources
2014-12-17 12:04:52,197 [Worker-6] WARN  o.e.m.c.i.embedder.EclipseLogger - Using platform encoding (UTF-8 actually) to copy filtered resources, i.e. build is platform dependent!
2014-12-17 12:04:52,198 [Worker-6] INFO  o.e.m.c.i.embedder.EclipseLogger - skip non existing resourceDirectory /Users/lucas/Documents/Padtec/Development/workspace/br.com.padtec.okco.service/src/test/resources
2014-12-17 12:04:52,430 [Worker-6] WARN  o.e.m.c.i.embedder.EclipseLogger - Using platform encoding (UTF-8 actually) to copy filtered resources, i.e. build is platform dependent!
2014-12-17 12:04:52,437 [Worker-6] INFO  o.e.m.c.i.embedder.EclipseLogger - skip non existing resourceDirectory /Users/lucas/Documents/Padtec/Development/workspace/br.com.padtec.okco.web/src/main/resources
2014-12-17 12:04:52,438 [Worker-6] WARN  o.e.m.c.i.embedder.EclipseLogger - Using platform encoding (UTF-8 actually) to copy filtered resources, i.e. build is platform dependent!
2014-12-17 12:04:52,439 [Worker-6] INFO  o.e.m.c.i.embedder.EclipseLogger - skip non existing resourceDirectory /Users/lucas/Documents/Padtec/Development/workspace/br.com.padtec.okco.web/src/test/resources
2014-12-17 12:04:52,615 [Worker-6] WARN  o.e.m.c.i.embedder.EclipseLogger - Using platform encoding (UTF-8 actually) to copy filtered resources, i.e. build is platform dependent!
2014-12-17 12:04:52,623 [Worker-6] INFO  o.e.m.c.i.embedder.EclipseLogger - skip non existing resourceDirectory /Users/lucas/Documents/Padtec/Development/workspace/br.com.padtec.transformation.condel/src/main/resources
2014-12-17 12:04:52,631 [Worker-6] WARN  o.e.m.c.i.embedder.EclipseLogger - Using platform encoding (UTF-8 actually) to copy filtered resources, i.e. build is platform dependent!
2014-12-17 12:04:52,634 [Worker-6] INFO  o.e.m.c.i.embedder.EclipseLogger - skip non existing resourceDirectory /Users/lucas/Documents/Padtec/Development/workspace/br.com.padtec.transformation.condel/src/test/resources
2014-12-17 12:04:52,773 [Worker-6] WARN  o.e.m.c.i.embedder.EclipseLogger - Using platform encoding (UTF-8 actually) to copy filtered resources, i.e. build is platform dependent!
2014-12-17 12:04:52,782 [Worker-6] INFO  o.e.m.c.i.embedder.EclipseLogger - skip non existing resourceDirectory /Users/lucas/Documents/Padtec/Development/workspace/br.com.padtec.transformation.sindel/src/main/resources
2014-12-17 12:04:52,783 [Worker-6] WARN  o.e.m.c.i.embedder.EclipseLogger - Using platform encoding (UTF-8 actually) to copy filtered resources, i.e. build is platform dependent!
2014-12-17 12:04:52,784 [Worker-6] INFO  o.e.m.c.i.embedder.EclipseLogger - skip non existing resourceDirectory /Users/lucas/Documents/Padtec/Development/workspace/br.com.padtec.transformation.sindel/src/test/resources
2014-12-17 12:04:53,068 [Worker-6] INFO  o.e.m.c.i.embedder.EclipseLogger - Using 'UTF-8' encoding to copy filtered resources.
2014-12-17 12:04:53,068 [Worker-6] INFO  o.e.m.c.i.embedder.EclipseLogger - Copying 0 resource
2014-12-17 12:04:53,069 [Worker-6] INFO  o.e.m.c.i.embedder.EclipseLogger - Using 'UTF-8' encoding to copy filtered resources.
2014-12-17 12:04:53,069 [Worker-6] INFO  o.e.m.c.i.embedder.EclipseLogger - Copying 0 resource
2014-12-17 12:04:53,792 [Worker-2] WARN  o.e.m.c.i.embedder.EclipseLogger - Using platform encoding (UTF-8 actually) to copy filtered resources, i.e. build is platform dependent!
2014-12-17 12:04:53,810 [Worker-2] INFO  o.e.m.c.i.embedder.EclipseLogger - Copying 1 resource
2014-12-17 12:04:53,816 [Worker-2] WARN  o.e.m.c.i.embedder.EclipseLogger - Using platform encoding (UTF-8 actually) to copy filtered resources, i.e. build is platform dependent!
2014-12-17 12:04:53,820 [Worker-2] INFO  o.e.m.c.i.embedder.EclipseLogger - skip non existing resourceDirectory /Users/lucas/Documents/Padtec/Development/workspace/virtuoso/src/test/resources
2014-12-17 12:10:14,619 [Worker-6] WARN  o.e.m.c.i.embedder.EclipseLogger - Using platform encoding (UTF-8 actually) to copy filtered resources, i.e. build is platform dependent!
2014-12-17 12:10:14,620 [Worker-6] INFO  o.e.m.c.i.embedder.EclipseLogger - skip non existing resourceDirectory /Users/lucas/Documents/Padtec/Development/workspace/br.com.padtec.common/src/main/resources
2014-12-17 12:10:14,621 [Worker-6] WARN  o.e.m.c.i.embedder.EclipseLogger - Using platform encoding (UTF-8 actually) to copy filtered resources, i.e. build is platform dependent!
2014-12-17 12:10:14,622 [Worker-6] INFO  o.e.m.c.i.embedder.EclipseLogger - skip non existing resourceDirectory /Users/lucas/Documents/Padtec/Development/workspace/br.com.padtec.common/src/test/resources
2014-12-17 12:10:14,909 [Worker-5] WARN  o.e.m.c.i.embedder.EclipseLogger - Using platform encoding (UTF-8 actually) to copy filtered resources, i.e. build is platform dependent!
2014-12-17 12:10:14,933 [Worker-5] INFO  o.e.m.c.i.embedder.EclipseLogger - skip non existing resourceDirectory /Users/lucas/Documents/Padtec/Development/workspace/br.com.padtec.okco.core/src/main/resources
2014-12-17 12:10:14,934 [Worker-5] WARN  o.e.m.c.i.embedder.EclipseLogger - Using platform encoding (UTF-8 actually) to copy filtered resources, i.e. build is platform dependent!
2014-12-17 12:10:14,934 [Worker-5] INFO  o.e.m.c.i.embedder.EclipseLogger - skip non existing resourceDirectory /Users/lucas/Documents/Padtec/Development/workspace/br.com.padtec.okco.core/src/test/resources
2014-12-17 12:10:15,094 [Worker-5] WARN  o.e.m.c.i.embedder.EclipseLogger - Using platform encoding (UTF-8 actually) to copy filtered resources, i.e. build is platform dependent!
2014-12-17 12:10:15,103 [Worker-5] INFO  o.e.m.c.i.embedder.EclipseLogger - skip non existing resourceDirectory /Users/lucas/Documents/Padtec/Development/workspace/br.com.padtec.okco.service/src/main/resources
2014-12-17 12:10:15,104 [Worker-5] WARN  o.e.m.c.i.embedder.EclipseLogger - Using platform encoding (UTF-8 actually) to copy filtered resources, i.e. build is platform dependent!
2014-12-17 12:10:15,104 [Worker-5] INFO  o.e.m.c.i.embedder.EclipseLogger - skip non existing resourceDirectory /Users/lucas/Documents/Padtec/Development/workspace/br.com.padtec.okco.service/src/test/resources
2014-12-17 12:10:15,306 [Worker-5] WARN  o.e.m.c.i.embedder.EclipseLogger - Using platform encoding (UTF-8 actually) to copy filtered resources, i.e. build is platform dependent!
2014-12-17 12:10:15,314 [Worker-5] INFO  o.e.m.c.i.embedder.EclipseLogger - skip non existing resourceDirectory /Users/lucas/Documents/Padtec/Development/workspace/br.com.padtec.okco.web/src/main/resources
2014-12-17 12:10:15,315 [Worker-5] WARN  o.e.m.c.i.embedder.EclipseLogger - Using platform encoding (UTF-8 actually) to copy filtered resources, i.e. build is platform dependent!
2014-12-17 12:10:15,317 [Worker-5] INFO  o.e.m.c.i.embedder.EclipseLogger - skip non existing resourceDirectory /Users/lucas/Documents/Padtec/Development/workspace/br.com.padtec.okco.web/src/test/resources
2014-12-17 12:10:15,472 [Worker-5] WARN  o.e.m.c.i.embedder.EclipseLogger - Using platform encoding (UTF-8 actually) to copy filtered resources, i.e. build is platform dependent!
2014-12-17 12:10:15,481 [Worker-5] INFO  o.e.m.c.i.embedder.EclipseLogger - skip non existing resourceDirectory /Users/lucas/Documents/Padtec/Development/workspace/br.com.padtec.transformation.condel/src/main/resources
2014-12-17 12:10:15,482 [Worker-5] WARN  o.e.m.c.i.embedder.EclipseLogger - Using platform encoding (UTF-8 actually) to copy filtered resources, i.e. build is platform dependent!
2014-12-17 12:10:15,482 [Worker-5] INFO  o.e.m.c.i.embedder.EclipseLogger - skip non existing resourceDirectory /Users/lucas/Documents/Padtec/Development/workspace/br.com.padtec.transformation.condel/src/test/resources
2014-12-17 12:10:15,615 [Worker-5] WARN  o.e.m.c.i.embedder.EclipseLogger - Using platform encoding (UTF-8 actually) to copy filtered resources, i.e. build is platform dependent!
2014-12-17 12:10:15,616 [Worker-5] INFO  o.e.m.c.i.embedder.EclipseLogger - skip non existing resourceDirectory /Users/lucas/Documents/Padtec/Development/workspace/br.com.padtec.transformation.sindel/src/main/resources
2014-12-17 12:10:15,617 [Worker-5] WARN  o.e.m.c.i.embedder.EclipseLogger - Using platform encoding (UTF-8 actually) to copy filtered resources, i.e. build is platform dependent!
2014-12-17 12:10:15,618 [Worker-5] INFO  o.e.m.c.i.embedder.EclipseLogger - skip non existing resourceDirectory /Users/lucas/Documents/Padtec/Development/workspace/br.com.padtec.transformation.sindel/src/test/resources
2014-12-17 12:10:15,791 [Worker-5] INFO  o.e.m.c.i.embedder.EclipseLogger - Using 'UTF-8' encoding to copy filtered resources.
2014-12-17 12:10:15,791 [Worker-5] INFO  o.e.m.c.i.embedder.EclipseLogger - Copying 0 resource
2014-12-17 12:10:15,792 [Worker-5] INFO  o.e.m.c.i.embedder.EclipseLogger - Using 'UTF-8' encoding to copy filtered resources.
2014-12-17 12:10:15,792 [Worker-5] INFO  o.e.m.c.i.embedder.EclipseLogger - Copying 0 resource
2014-12-17 12:10:15,971 [Worker-5] WARN  o.e.m.c.i.embedder.EclipseLogger - Using platform encoding (UTF-8 actually) to copy filtered resources, i.e. build is platform dependent!
2014-12-17 12:10:15,980 [Worker-5] INFO  o.e.m.c.i.embedder.EclipseLogger - Copying 0 resource
2014-12-17 12:10:15,980 [Worker-5] WARN  o.e.m.c.i.embedder.EclipseLogger - Using platform encoding (UTF-8 actually) to copy filtered resources, i.e. build is platform dependent!
2014-12-17 12:10:15,981 [Worker-5] INFO  o.e.m.c.i.embedder.EclipseLogger - skip non existing resourceDirectory /Users/lucas/Documents/Padtec/Development/workspace/virtuoso/src/test/resources
